24 Nov 2021 12:45:05,847 TestNG-tests-2 - browser name is : chrome79
24 Nov 2021 12:45:05,847 TestNG-tests-4 - browser name is : chrome89
24 Nov 2021 12:45:05,847 TestNG-tests-1 - browser name is : chrome90
24 Nov 2021 12:45:05,847 TestNG-tests-3 - browser name is : firefox83
24 Nov 2021 12:45:37,890 TestNG-tests-1 - Couldn't find template in cache for "spark/spark.spa.ftl"("en_IN", UTF-8, parsed); will try to load it.
24 Nov 2021 12:45:37,891 TestNG-tests-1 - TemplateLoader.findTemplateSource("spark/spark.spa_en_IN.ftl"): Not found
24 Nov 2021 12:45:37,894 TestNG-tests-1 - TemplateLoader.findTemplateSource("spark/spark.spa_en.ftl"): Not found
24 Nov 2021 12:45:37,896 TestNG-tests-1 - TemplateLoader.findTemplateSource("spark/spark.spa.ftl"): Found
24 Nov 2021 12:45:37,896 TestNG-tests-1 - Loading template for "spark/spark.spa.ftl"("en_IN", UTF-8, parsed) from "jar:file:/C:/Users/Hp/.m2/repository/com/aventstack/extentreports/5.0.8/extentreports-5.0.8.jar!/com/aventstack/extentreports/templates/spark/spark.spa.ftl"
24 Nov 2021 12:45:39,688 TestNG-tests-1 - Couldn't find template in cache for "commons/commons-variables.ftl"("en_IN", UTF-8, parsed); will try to load it.
24 Nov 2021 12:45:39,689 TestNG-tests-1 - TemplateLoader.findTemplateSource("commons/commons-variables_en_IN.ftl"): Not found
24 Nov 2021 12:45:39,689 TestNG-tests-1 - TemplateLoader.findTemplateSource("commons/commons-variables_en.ftl"): Not found
24 Nov 2021 12:45:39,689 TestNG-tests-1 - TemplateLoader.findTemplateSource("commons/commons-variables.ftl"): Found
24 Nov 2021 12:45:39,689 TestNG-tests-1 - Loading template for "commons/commons-variables.ftl"("en_IN", UTF-8, parsed) from "jar:file:/C:/Users/Hp/.m2/repository/com/aventstack/extentreports/5.0.8/extentreports-5.0.8.jar!/com/aventstack/extentreports/templates/commons/commons-variables.ftl"
24 Nov 2021 12:45:41,640 TestNG-tests-1 - Couldn't find template in cache for "commons/commons-macros.ftl"("en_IN", UTF-8, parsed); will try to load it.
24 Nov 2021 12:45:41,641 TestNG-tests-1 - TemplateLoader.findTemplateSource("commons/commons-macros_en_IN.ftl"): Not found
24 Nov 2021 12:45:41,642 TestNG-tests-1 - TemplateLoader.findTemplateSource("commons/commons-macros_en.ftl"): Not found
24 Nov 2021 12:45:41,643 TestNG-tests-1 - TemplateLoader.findTemplateSource("commons/commons-macros.ftl"): Found
24 Nov 2021 12:45:41,643 TestNG-tests-1 - Loading template for "commons/commons-macros.ftl"("en_IN", UTF-8, parsed) from "jar:file:/C:/Users/Hp/.m2/repository/com/aventstack/extentreports/5.0.8/extentreports-5.0.8.jar!/com/aventstack/extentreports/templates/commons/commons-macros.ftl"
24 Nov 2021 12:45:41,773 TestNG-tests-1 - Couldn't find template in cache for "spark/macros/attributes.ftl"("en_IN", UTF-8, parsed); will try to load it.
24 Nov 2021 12:45:41,773 TestNG-tests-1 - TemplateLoader.findTemplateSource("spark/macros/attributes_en_IN.ftl"): Not found
24 Nov 2021 12:45:41,773 TestNG-tests-1 - TemplateLoader.findTemplateSource("spark/macros/attributes_en.ftl"): Not found
24 Nov 2021 12:45:41,774 TestNG-tests-1 - TemplateLoader.findTemplateSource("spark/macros/attributes.ftl"): Found
24 Nov 2021 12:45:41,774 TestNG-tests-1 - Loading template for "spark/macros/attributes.ftl"("en_IN", UTF-8, parsed) from "jar:file:/C:/Users/Hp/.m2/repository/com/aventstack/extentreports/5.0.8/extentreports-5.0.8.jar!/com/aventstack/extentreports/templates/spark/macros/attributes.ftl"
24 Nov 2021 12:45:41,776 TestNG-tests-1 - Couldn't find template in cache for "spark/macros/log.ftl"("en_IN", UTF-8, parsed); will try to load it.
24 Nov 2021 12:45:41,777 TestNG-tests-1 - TemplateLoader.findTemplateSource("spark/macros/log_en_IN.ftl"): Not found
24 Nov 2021 12:45:41,777 TestNG-tests-1 - TemplateLoader.findTemplateSource("spark/macros/log_en.ftl"): Not found
24 Nov 2021 12:45:41,777 TestNG-tests-1 - TemplateLoader.findTemplateSource("spark/macros/log.ftl"): Found
24 Nov 2021 12:45:41,777 TestNG-tests-1 - Loading template for "spark/macros/log.ftl"("en_IN", UTF-8, parsed) from "jar:file:/C:/Users/Hp/.m2/repository/com/aventstack/extentreports/5.0.8/extentreports-5.0.8.jar!/com/aventstack/extentreports/templates/spark/macros/log.ftl"
24 Nov 2021 12:45:41,780 TestNG-tests-1 - Couldn't find template in cache for "spark/macros/recurse_nodes.ftl"("en_IN", UTF-8, parsed); will try to load it.
24 Nov 2021 12:45:41,780 TestNG-tests-1 - TemplateLoader.findTemplateSource("spark/macros/recurse_nodes_en_IN.ftl"): Not found
24 Nov 2021 12:45:41,780 TestNG-tests-1 - TemplateLoader.findTemplateSource("spark/macros/recurse_nodes_en.ftl"): Not found
24 Nov 2021 12:45:41,781 TestNG-tests-1 - TemplateLoader.findTemplateSource("spark/macros/recurse_nodes.ftl"): Found
24 Nov 2021 12:45:41,781 TestNG-tests-1 - Loading template for "spark/macros/recurse_nodes.ftl"("en_IN", UTF-8, parsed) from "jar:file:/C:/Users/Hp/.m2/repository/com/aventstack/extentreports/5.0.8/extentreports-5.0.8.jar!/com/aventstack/extentreports/templates/spark/macros/recurse_nodes.ftl"
24 Nov 2021 12:45:41,786 TestNG-tests-1 - "spark/macros/log.ftl"("en_IN", UTF-8, parsed) cached copy not yet stale; using cached.
24 Nov 2021 12:45:41,786 TestNG-tests-1 - Couldn't find template in cache for "spark/macros/attr-common.ftl"("en_IN", UTF-8, parsed); will try to load it.
24 Nov 2021 12:45:41,786 TestNG-tests-1 - TemplateLoader.findTemplateSource("spark/macros/attr-common_en_IN.ftl"): Not found
24 Nov 2021 12:45:41,786 TestNG-tests-1 - TemplateLoader.findTemplateSource("spark/macros/attr-common_en.ftl"): Not found
24 Nov 2021 12:45:41,787 TestNG-tests-1 - TemplateLoader.findTemplateSource("spark/macros/attr-common.ftl"): Found
24 Nov 2021 12:45:41,787 TestNG-tests-1 - Loading template for "spark/macros/attr-common.ftl"("en_IN", UTF-8, parsed) from "jar:file:/C:/Users/Hp/.m2/repository/com/aventstack/extentreports/5.0.8/extentreports-5.0.8.jar!/com/aventstack/extentreports/templates/spark/macros/attr-common.ftl"
24 Nov 2021 12:45:41,801 TestNG-tests-1 - Couldn't find template in cache for "spark/partials/head.ftl"("en_IN", UTF-8, parsed); will try to load it.
24 Nov 2021 12:45:41,801 TestNG-tests-1 - TemplateLoader.findTemplateSource("spark/partials/head_en_IN.ftl"): Not found
24 Nov 2021 12:45:41,802 TestNG-tests-1 - TemplateLoader.findTemplateSource("spark/partials/head_en.ftl"): Not found
24 Nov 2021 12:45:41,802 TestNG-tests-1 - TemplateLoader.findTemplateSource("spark/partials/head.ftl"): Found
24 Nov 2021 12:45:41,802 TestNG-tests-1 - Loading template for "spark/partials/head.ftl"("en_IN", UTF-8, parsed) from "jar:file:/C:/Users/Hp/.m2/repository/com/aventstack/extentreports/5.0.8/extentreports-5.0.8.jar!/com/aventstack/extentreports/templates/spark/partials/head.ftl"
24 Nov 2021 12:45:41,887 TestNG-tests-1 - Couldn't find template in cache for "commons/commons-inject-css.ftl"("en_IN", UTF-8, parsed); will try to load it.
24 Nov 2021 12:45:41,887 TestNG-tests-1 - TemplateLoader.findTemplateSource("commons/commons-inject-css_en_IN.ftl"): Not found
24 Nov 2021 12:45:41,888 TestNG-tests-1 - TemplateLoader.findTemplateSource("commons/commons-inject-css_en.ftl"): Not found
24 Nov 2021 12:45:41,888 TestNG-tests-1 - TemplateLoader.findTemplateSource("commons/commons-inject-css.ftl"): Found
24 Nov 2021 12:45:41,888 TestNG-tests-1 - Loading template for "commons/commons-inject-css.ftl"("en_IN", UTF-8, parsed) from "jar:file:/C:/Users/Hp/.m2/repository/com/aventstack/extentreports/5.0.8/extentreports-5.0.8.jar!/com/aventstack/extentreports/templates/commons/commons-inject-css.ftl"
24 Nov 2021 12:45:41,890 TestNG-tests-1 - Couldn't find template in cache for "spark/partials/navbar.ftl"("en_IN", UTF-8, parsed); will try to load it.
24 Nov 2021 12:45:41,890 TestNG-tests-1 - TemplateLoader.findTemplateSource("spark/partials/navbar_en_IN.ftl"): Not found
24 Nov 2021 12:45:41,891 TestNG-tests-1 - TemplateLoader.findTemplateSource("spark/partials/navbar_en.ftl"): Not found
24 Nov 2021 12:45:41,891 TestNG-tests-1 - TemplateLoader.findTemplateSource("spark/partials/navbar.ftl"): Found
24 Nov 2021 12:45:41,891 TestNG-tests-1 - Loading template for "spark/partials/navbar.ftl"("en_IN", UTF-8, parsed) from "jar:file:/C:/Users/Hp/.m2/repository/com/aventstack/extentreports/5.0.8/extentreports-5.0.8.jar!/com/aventstack/extentreports/templates/spark/partials/navbar.ftl"
24 Nov 2021 12:45:41,898 TestNG-tests-1 - Couldn't find template in cache for "spark/partials/sidenav.ftl"("en_IN", UTF-8, parsed); will try to load it.
24 Nov 2021 12:45:41,899 TestNG-tests-1 - TemplateLoader.findTemplateSource("spark/partials/sidenav_en_IN.ftl"): Not found
24 Nov 2021 12:45:41,899 TestNG-tests-1 - TemplateLoader.findTemplateSource("spark/partials/sidenav_en.ftl"): Not found
24 Nov 2021 12:45:41,900 TestNG-tests-1 - TemplateLoader.findTemplateSource("spark/partials/sidenav.ftl"): Found
24 Nov 2021 12:45:41,900 TestNG-tests-1 - Loading template for "spark/partials/sidenav.ftl"("en_IN", UTF-8, parsed) from "jar:file:/C:/Users/Hp/.m2/repository/com/aventstack/extentreports/5.0.8/extentreports-5.0.8.jar!/com/aventstack/extentreports/templates/spark/partials/sidenav.ftl"
24 Nov 2021 12:45:41,914 TestNG-tests-1 - Couldn't find template in cache for "spark/partials/test.ftl"("en_IN", UTF-8, parsed); will try to load it.
24 Nov 2021 12:45:41,914 TestNG-tests-1 - TemplateLoader.findTemplateSource("spark/partials/test_en_IN.ftl"): Not found
24 Nov 2021 12:45:41,915 TestNG-tests-1 - TemplateLoader.findTemplateSource("spark/partials/test_en.ftl"): Not found
24 Nov 2021 12:45:41,915 TestNG-tests-1 - TemplateLoader.findTemplateSource("spark/partials/test.ftl"): Found
24 Nov 2021 12:45:41,915 TestNG-tests-1 - Loading template for "spark/partials/test.ftl"("en_IN", UTF-8, parsed) from "jar:file:/C:/Users/Hp/.m2/repository/com/aventstack/extentreports/5.0.8/extentreports-5.0.8.jar!/com/aventstack/extentreports/templates/spark/partials/test.ftl"
24 Nov 2021 12:45:41,942 TestNG-tests-1 - Couldn't find template in cache for "spark/partials/standard-content.ftl"("en_IN", UTF-8, parsed); will try to load it.
24 Nov 2021 12:45:41,942 TestNG-tests-1 - TemplateLoader.findTemplateSource("spark/partials/standard-content_en_IN.ftl"): Not found
24 Nov 2021 12:45:41,943 TestNG-tests-1 - TemplateLoader.findTemplateSource("spark/partials/standard-content_en.ftl"): Not found
24 Nov 2021 12:45:41,943 TestNG-tests-1 - TemplateLoader.findTemplateSource("spark/partials/standard-content.ftl"): Found
24 Nov 2021 12:45:41,943 TestNG-tests-1 - Loading template for "spark/partials/standard-content.ftl"("en_IN", UTF-8, parsed) from "jar:file:/C:/Users/Hp/.m2/repository/com/aventstack/extentreports/5.0.8/extentreports-5.0.8.jar!/com/aventstack/extentreports/templates/spark/partials/standard-content.ftl"
24 Nov 2021 12:45:41,949 TestNG-tests-1 - "spark/partials/standard-content.ftl"("en_IN", UTF-8, parsed) cached copy not yet stale; using cached.
24 Nov 2021 12:45:41,952 TestNG-tests-1 - "spark/partials/standard-content.ftl"("en_IN", UTF-8, parsed) cached copy not yet stale; using cached.
24 Nov 2021 12:45:41,954 TestNG-tests-1 - "spark/partials/standard-content.ftl"("en_IN", UTF-8, parsed) cached copy not yet stale; using cached.
24 Nov 2021 12:45:41,956 TestNG-tests-1 - "spark/partials/standard-content.ftl"("en_IN", UTF-8, parsed) cached copy not yet stale; using cached.
24 Nov 2021 12:45:41,959 TestNG-tests-1 - "spark/partials/standard-content.ftl"("en_IN", UTF-8, parsed) cached copy not yet stale; using cached.
24 Nov 2021 12:45:41,967 TestNG-tests-1 - "spark/partials/standard-content.ftl"("en_IN", UTF-8, parsed) cached copy not yet stale; using cached.
24 Nov 2021 12:45:41,970 TestNG-tests-1 - "spark/partials/standard-content.ftl"("en_IN", UTF-8, parsed) cached copy not yet stale; using cached.
24 Nov 2021 12:45:41,972 TestNG-tests-1 - "spark/partials/standard-content.ftl"("en_IN", UTF-8, parsed) cached copy not yet stale; using cached.
24 Nov 2021 12:45:41,974 TestNG-tests-1 - "spark/partials/standard-content.ftl"("en_IN", UTF-8, parsed) cached copy not yet stale; using cached.
24 Nov 2021 12:45:41,976 TestNG-tests-1 - "spark/partials/standard-content.ftl"("en_IN", UTF-8, parsed) cached copy not yet stale; using cached.
24 Nov 2021 12:45:41,978 TestNG-tests-1 - "spark/partials/standard-content.ftl"("en_IN", UTF-8, parsed) cached copy not yet stale; using cached.
24 Nov 2021 12:45:41,980 TestNG-tests-1 - "spark/partials/standard-content.ftl"("en_IN", UTF-8, parsed) cached copy not yet stale; using cached.
24 Nov 2021 12:45:41,981 TestNG-tests-1 - "spark/partials/standard-content.ftl"("en_IN", UTF-8, parsed) cached copy not yet stale; using cached.
24 Nov 2021 12:45:41,983 TestNG-tests-1 - "spark/partials/standard-content.ftl"("en_IN", UTF-8, parsed) cached copy not yet stale; using cached.
24 Nov 2021 12:45:41,990 TestNG-tests-1 - "spark/partials/standard-content.ftl"("en_IN", UTF-8, parsed) cached copy not yet stale; using cached.
24 Nov 2021 12:45:41,993 TestNG-tests-1 - "spark/partials/standard-content.ftl"("en_IN", UTF-8, parsed) cached copy not yet stale; using cached.
24 Nov 2021 12:45:41,994 TestNG-tests-1 - "spark/partials/standard-content.ftl"("en_IN", UTF-8, parsed) cached copy not yet stale; using cached.
24 Nov 2021 12:45:41,995 TestNG-tests-1 - Couldn't find template in cache for "spark/partials/exception.ftl"("en_IN", UTF-8, parsed); will try to load it.
24 Nov 2021 12:45:41,995 TestNG-tests-1 - TemplateLoader.findTemplateSource("spark/partials/exception_en_IN.ftl"): Not found
24 Nov 2021 12:45:41,995 TestNG-tests-1 - TemplateLoader.findTemplateSource("spark/partials/exception_en.ftl"): Not found
24 Nov 2021 12:45:41,996 TestNG-tests-1 - TemplateLoader.findTemplateSource("spark/partials/exception.ftl"): Found
24 Nov 2021 12:45:41,996 TestNG-tests-1 - Loading template for "spark/partials/exception.ftl"("en_IN", UTF-8, parsed) from "jar:file:/C:/Users/Hp/.m2/repository/com/aventstack/extentreports/5.0.8/extentreports-5.0.8.jar!/com/aventstack/extentreports/templates/spark/partials/exception.ftl"
24 Nov 2021 12:45:42,001 TestNG-tests-1 - Couldn't find template in cache for "spark/partials/category.ftl"("en_IN", UTF-8, parsed); will try to load it.
24 Nov 2021 12:45:42,001 TestNG-tests-1 - TemplateLoader.findTemplateSource("spark/partials/category_en_IN.ftl"): Not found
24 Nov 2021 12:45:42,001 TestNG-tests-1 - TemplateLoader.findTemplateSource("spark/partials/category_en.ftl"): Not found
24 Nov 2021 12:45:42,002 TestNG-tests-1 - TemplateLoader.findTemplateSource("spark/partials/category.ftl"): Found
24 Nov 2021 12:45:42,002 TestNG-tests-1 - Loading template for "spark/partials/category.ftl"("en_IN", UTF-8, parsed) from "jar:file:/C:/Users/Hp/.m2/repository/com/aventstack/extentreports/5.0.8/extentreports-5.0.8.jar!/com/aventstack/extentreports/templates/spark/partials/category.ftl"
24 Nov 2021 12:45:42,015 TestNG-tests-1 - Couldn't find template in cache for "spark/partials/device.ftl"("en_IN", UTF-8, parsed); will try to load it.
24 Nov 2021 12:45:42,016 TestNG-tests-1 - TemplateLoader.findTemplateSource("spark/partials/device_en_IN.ftl"): Not found
24 Nov 2021 12:45:42,016 TestNG-tests-1 - TemplateLoader.findTemplateSource("spark/partials/device_en.ftl"): Not found
24 Nov 2021 12:45:42,016 TestNG-tests-1 - TemplateLoader.findTemplateSource("spark/partials/device.ftl"): Found
24 Nov 2021 12:45:42,016 TestNG-tests-1 - Loading template for "spark/partials/device.ftl"("en_IN", UTF-8, parsed) from "jar:file:/C:/Users/Hp/.m2/repository/com/aventstack/extentreports/5.0.8/extentreports-5.0.8.jar!/com/aventstack/extentreports/templates/spark/partials/device.ftl"
24 Nov 2021 12:45:42,017 TestNG-tests-1 - Couldn't find template in cache for "spark/partials/author.ftl"("en_IN", UTF-8, parsed); will try to load it.
24 Nov 2021 12:45:42,018 TestNG-tests-1 - TemplateLoader.findTemplateSource("spark/partials/author_en_IN.ftl"): Not found
24 Nov 2021 12:45:42,018 TestNG-tests-1 - TemplateLoader.findTemplateSource("spark/partials/author_en.ftl"): Not found
24 Nov 2021 12:45:42,019 TestNG-tests-1 - TemplateLoader.findTemplateSource("spark/partials/author.ftl"): Found
24 Nov 2021 12:45:42,019 TestNG-tests-1 - Loading template for "spark/partials/author.ftl"("en_IN", UTF-8, parsed) from "jar:file:/C:/Users/Hp/.m2/repository/com/aventstack/extentreports/5.0.8/extentreports-5.0.8.jar!/com/aventstack/extentreports/templates/spark/partials/author.ftl"
24 Nov 2021 12:45:42,020 TestNG-tests-1 - Couldn't find template in cache for "spark/partials/log.ftl"("en_IN", UTF-8, parsed); will try to load it.
24 Nov 2021 12:45:42,020 TestNG-tests-1 - TemplateLoader.findTemplateSource("spark/partials/log_en_IN.ftl"): Not found
24 Nov 2021 12:45:42,021 TestNG-tests-1 - TemplateLoader.findTemplateSource("spark/partials/log_en.ftl"): Not found
24 Nov 2021 12:45:42,022 TestNG-tests-1 - TemplateLoader.findTemplateSource("spark/partials/log.ftl"): Found
24 Nov 2021 12:45:42,023 TestNG-tests-1 - Loading template for "spark/partials/log.ftl"("en_IN", UTF-8, parsed) from "jar:file:/C:/Users/Hp/.m2/repository/com/aventstack/extentreports/5.0.8/extentreports-5.0.8.jar!/com/aventstack/extentreports/templates/spark/partials/log.ftl"
24 Nov 2021 12:45:42,025 TestNG-tests-1 - Couldn't find template in cache for "spark/partials/dashboard.ftl"("en_IN", UTF-8, parsed); will try to load it.
24 Nov 2021 12:45:42,025 TestNG-tests-1 - TemplateLoader.findTemplateSource("spark/partials/dashboard_en_IN.ftl"): Not found
24 Nov 2021 12:45:42,026 TestNG-tests-1 - TemplateLoader.findTemplateSource("spark/partials/dashboard_en.ftl"): Not found
24 Nov 2021 12:45:42,026 TestNG-tests-1 - TemplateLoader.findTemplateSource("spark/partials/dashboard.ftl"): Found
24 Nov 2021 12:45:42,026 TestNG-tests-1 - Loading template for "spark/partials/dashboard.ftl"("en_IN", UTF-8, parsed) from "jar:file:/C:/Users/Hp/.m2/repository/com/aventstack/extentreports/5.0.8/extentreports-5.0.8.jar!/com/aventstack/extentreports/templates/spark/partials/dashboard.ftl"
24 Nov 2021 12:45:42,143 TestNG-tests-1 - Couldn't find template in cache for "spark/partials/scripts.ftl"("en_IN", UTF-8, parsed); will try to load it.
24 Nov 2021 12:45:42,143 TestNG-tests-1 - TemplateLoader.findTemplateSource("spark/partials/scripts_en_IN.ftl"): Not found
24 Nov 2021 12:45:42,144 TestNG-tests-1 - TemplateLoader.findTemplateSource("spark/partials/scripts_en.ftl"): Not found
24 Nov 2021 12:45:42,144 TestNG-tests-1 - TemplateLoader.findTemplateSource("spark/partials/scripts.ftl"): Found
24 Nov 2021 12:45:42,144 TestNG-tests-1 - Loading template for "spark/partials/scripts.ftl"("en_IN", UTF-8, parsed) from "jar:file:/C:/Users/Hp/.m2/repository/com/aventstack/extentreports/5.0.8/extentreports-5.0.8.jar!/com/aventstack/extentreports/templates/spark/partials/scripts.ftl"
24 Nov 2021 12:45:42,145 TestNG-tests-1 - Couldn't find template in cache for "commons/commons-inject-js.ftl"("en_IN", UTF-8, parsed); will try to load it.
24 Nov 2021 12:45:42,146 TestNG-tests-1 - TemplateLoader.findTemplateSource("commons/commons-inject-js_en_IN.ftl"): Not found
24 Nov 2021 12:45:42,146 TestNG-tests-1 - TemplateLoader.findTemplateSource("commons/commons-inject-js_en.ftl"): Not found
24 Nov 2021 12:45:42,146 TestNG-tests-1 - TemplateLoader.findTemplateSource("commons/commons-inject-js.ftl"): Found
24 Nov 2021 12:45:42,146 TestNG-tests-1 - Loading template for "commons/commons-inject-js.ftl"("en_IN", UTF-8, parsed) from "jar:file:/C:/Users/Hp/.m2/repository/com/aventstack/extentreports/5.0.8/extentreports-5.0.8.jar!/com/aventstack/extentreports/templates/commons/commons-inject-js.ftl"
24 Nov 2021 12:45:42,373 TestNG-tests-1 - browser name is : chrome79
24 Nov 2021 12:45:45,187 TestNG-tests-2 - Xpath//td[@class='text-left' and contains(text(),
24 Nov 2021 12:45:54,163 TestNG-tests-2 - Xpath//td[@class='text-left' and contains(text(),
24 Nov 2021 12:46:02,240 TestNG-tests-2 - TemplateLoader.findTemplateSource("spark/spark.spa_en_IN.ftl"): Not found
24 Nov 2021 12:46:02,240 TestNG-tests-2 - TemplateLoader.findTemplateSource("spark/spark.spa_en.ftl"): Not found
24 Nov 2021 12:46:02,241 TestNG-tests-2 - TemplateLoader.findTemplateSource("spark/spark.spa.ftl"): Found
24 Nov 2021 12:46:02,242 TestNG-tests-2 - "spark/spark.spa.ftl"("en_IN", UTF-8, parsed): using cached since jar:file:/C:/Users/Hp/.m2/repository/com/aventstack/extentreports/5.0.8/extentreports-5.0.8.jar!/com/aventstack/extentreports/templates/spark/spark.spa.ftl hasn't changed.
24 Nov 2021 12:46:02,242 TestNG-tests-2 - TemplateLoader.findTemplateSource("commons/commons-variables_en_IN.ftl"): Not found
24 Nov 2021 12:46:02,243 TestNG-tests-2 - TemplateLoader.findTemplateSource("commons/commons-variables_en.ftl"): Not found
24 Nov 2021 12:46:02,243 TestNG-tests-2 - TemplateLoader.findTemplateSource("commons/commons-variables.ftl"): Found
24 Nov 2021 12:46:02,244 TestNG-tests-2 - "commons/commons-variables.ftl"("en_IN", UTF-8, parsed): using cached since jar:file:/C:/Users/Hp/.m2/repository/com/aventstack/extentreports/5.0.8/extentreports-5.0.8.jar!/com/aventstack/extentreports/templates/commons/commons-variables.ftl hasn't changed.
24 Nov 2021 12:46:02,245 TestNG-tests-2 - TemplateLoader.findTemplateSource("commons/commons-macros_en_IN.ftl"): Not found
24 Nov 2021 12:46:02,245 TestNG-tests-2 - TemplateLoader.findTemplateSource("commons/commons-macros_en.ftl"): Not found
24 Nov 2021 12:46:02,246 TestNG-tests-2 - TemplateLoader.findTemplateSource("commons/commons-macros.ftl"): Found
24 Nov 2021 12:46:02,326 TestNG-tests-2 - "commons/commons-macros.ftl"("en_IN", UTF-8, parsed): using cached since jar:file:/C:/Users/Hp/.m2/repository/com/aventstack/extentreports/5.0.8/extentreports-5.0.8.jar!/com/aventstack/extentreports/templates/commons/commons-macros.ftl hasn't changed.
24 Nov 2021 12:46:02,326 TestNG-tests-2 - TemplateLoader.findTemplateSource("spark/macros/attributes_en_IN.ftl"): Not found
24 Nov 2021 12:46:02,327 TestNG-tests-2 - TemplateLoader.findTemplateSource("spark/macros/attributes_en.ftl"): Not found
24 Nov 2021 12:46:02,327 TestNG-tests-2 - TemplateLoader.findTemplateSource("spark/macros/attributes.ftl"): Found
24 Nov 2021 12:46:02,327 TestNG-tests-2 - "spark/macros/attributes.ftl"("en_IN", UTF-8, parsed): using cached since jar:file:/C:/Users/Hp/.m2/repository/com/aventstack/extentreports/5.0.8/extentreports-5.0.8.jar!/com/aventstack/extentreports/templates/spark/macros/attributes.ftl hasn't changed.
24 Nov 2021 12:46:02,328 TestNG-tests-2 - TemplateLoader.findTemplateSource("spark/macros/log_en_IN.ftl"): Not found
24 Nov 2021 12:46:02,328 TestNG-tests-2 - TemplateLoader.findTemplateSource("spark/macros/log_en.ftl"): Not found
24 Nov 2021 12:46:02,328 TestNG-tests-2 - TemplateLoader.findTemplateSource("spark/macros/log.ftl"): Found
24 Nov 2021 12:46:02,328 TestNG-tests-2 - "spark/macros/log.ftl"("en_IN", UTF-8, parsed): using cached since jar:file:/C:/Users/Hp/.m2/repository/com/aventstack/extentreports/5.0.8/extentreports-5.0.8.jar!/com/aventstack/extentreports/templates/spark/macros/log.ftl hasn't changed.
24 Nov 2021 12:46:02,329 TestNG-tests-2 - TemplateLoader.findTemplateSource("spark/macros/recurse_nodes_en_IN.ftl"): Not found
24 Nov 2021 12:46:02,329 TestNG-tests-2 - TemplateLoader.findTemplateSource("spark/macros/recurse_nodes_en.ftl"): Not found
24 Nov 2021 12:46:02,329 TestNG-tests-2 - TemplateLoader.findTemplateSource("spark/macros/recurse_nodes.ftl"): Found
24 Nov 2021 12:46:02,329 TestNG-tests-2 - "spark/macros/recurse_nodes.ftl"("en_IN", UTF-8, parsed): using cached since jar:file:/C:/Users/Hp/.m2/repository/com/aventstack/extentreports/5.0.8/extentreports-5.0.8.jar!/com/aventstack/extentreports/templates/spark/macros/recurse_nodes.ftl hasn't changed.
24 Nov 2021 12:46:02,330 TestNG-tests-2 - "spark/macros/log.ftl"("en_IN", UTF-8, parsed) cached copy not yet stale; using cached.
24 Nov 2021 12:46:02,330 TestNG-tests-2 - TemplateLoader.findTemplateSource("spark/macros/attr-common_en_IN.ftl"): Not found
24 Nov 2021 12:46:02,330 TestNG-tests-2 - TemplateLoader.findTemplateSource("spark/macros/attr-common_en.ftl"): Not found
24 Nov 2021 12:46:02,330 TestNG-tests-2 - TemplateLoader.findTemplateSource("spark/macros/attr-common.ftl"): Found
24 Nov 2021 12:46:02,330 TestNG-tests-2 - "spark/macros/attr-common.ftl"("en_IN", UTF-8, parsed): using cached since jar:file:/C:/Users/Hp/.m2/repository/com/aventstack/extentreports/5.0.8/extentreports-5.0.8.jar!/com/aventstack/extentreports/templates/spark/macros/attr-common.ftl hasn't changed.
24 Nov 2021 12:46:02,331 TestNG-tests-2 - TemplateLoader.findTemplateSource("spark/partials/head_en_IN.ftl"): Not found
24 Nov 2021 12:46:02,331 TestNG-tests-2 - TemplateLoader.findTemplateSource("spark/partials/head_en.ftl"): Not found
24 Nov 2021 12:46:02,332 TestNG-tests-2 - TemplateLoader.findTemplateSource("spark/partials/head.ftl"): Found
24 Nov 2021 12:46:02,332 TestNG-tests-2 - "spark/partials/head.ftl"("en_IN", UTF-8, parsed): using cached since jar:file:/C:/Users/Hp/.m2/repository/com/aventstack/extentreports/5.0.8/extentreports-5.0.8.jar!/com/aventstack/extentreports/templates/spark/partials/head.ftl hasn't changed.
24 Nov 2021 12:46:02,333 TestNG-tests-2 - TemplateLoader.findTemplateSource("commons/commons-inject-css_en_IN.ftl"): Not found
24 Nov 2021 12:46:02,333 TestNG-tests-2 - TemplateLoader.findTemplateSource("commons/commons-inject-css_en.ftl"): Not found
24 Nov 2021 12:46:02,334 TestNG-tests-2 - TemplateLoader.findTemplateSource("commons/commons-inject-css.ftl"): Found
24 Nov 2021 12:46:02,334 TestNG-tests-2 - "commons/commons-inject-css.ftl"("en_IN", UTF-8, parsed): using cached since jar:file:/C:/Users/Hp/.m2/repository/com/aventstack/extentreports/5.0.8/extentreports-5.0.8.jar!/com/aventstack/extentreports/templates/commons/commons-inject-css.ftl hasn't changed.
24 Nov 2021 12:46:02,335 TestNG-tests-2 - TemplateLoader.findTemplateSource("spark/partials/navbar_en_IN.ftl"): Not found
24 Nov 2021 12:46:02,336 TestNG-tests-2 - TemplateLoader.findTemplateSource("spark/partials/navbar_en.ftl"): Not found
24 Nov 2021 12:46:02,336 TestNG-tests-2 - TemplateLoader.findTemplateSource("spark/partials/navbar.ftl"): Found
24 Nov 2021 12:46:02,336 TestNG-tests-2 - "spark/partials/navbar.ftl"("en_IN", UTF-8, parsed): using cached since jar:file:/C:/Users/Hp/.m2/repository/com/aventstack/extentreports/5.0.8/extentreports-5.0.8.jar!/com/aventstack/extentreports/templates/spark/partials/navbar.ftl hasn't changed.
24 Nov 2021 12:46:02,339 TestNG-tests-2 - TemplateLoader.findTemplateSource("spark/partials/sidenav_en_IN.ftl"): Not found
24 Nov 2021 12:46:02,339 TestNG-tests-2 - TemplateLoader.findTemplateSource("spark/partials/sidenav_en.ftl"): Not found
24 Nov 2021 12:46:02,339 TestNG-tests-2 - TemplateLoader.findTemplateSource("spark/partials/sidenav.ftl"): Found
24 Nov 2021 12:46:02,339 TestNG-tests-2 - "spark/partials/sidenav.ftl"("en_IN", UTF-8, parsed): using cached since jar:file:/C:/Users/Hp/.m2/repository/com/aventstack/extentreports/5.0.8/extentreports-5.0.8.jar!/com/aventstack/extentreports/templates/spark/partials/sidenav.ftl hasn't changed.
24 Nov 2021 12:46:02,345 TestNG-tests-2 - TemplateLoader.findTemplateSource("spark/partials/test_en_IN.ftl"): Not found
24 Nov 2021 12:46:02,345 TestNG-tests-2 - TemplateLoader.findTemplateSource("spark/partials/test_en.ftl"): Not found
24 Nov 2021 12:46:02,345 TestNG-tests-2 - TemplateLoader.findTemplateSource("spark/partials/test.ftl"): Found
24 Nov 2021 12:46:02,346 TestNG-tests-2 - "spark/partials/test.ftl"("en_IN", UTF-8, parsed): using cached since jar:file:/C:/Users/Hp/.m2/repository/com/aventstack/extentreports/5.0.8/extentreports-5.0.8.jar!/com/aventstack/extentreports/templates/spark/partials/test.ftl hasn't changed.
24 Nov 2021 12:46:02,347 TestNG-tests-2 - TemplateLoader.findTemplateSource("spark/partials/standard-content_en_IN.ftl"): Not found
24 Nov 2021 12:46:02,348 TestNG-tests-2 - TemplateLoader.findTemplateSource("spark/partials/standard-content_en.ftl"): Not found
24 Nov 2021 12:46:02,348 TestNG-tests-2 - TemplateLoader.findTemplateSource("spark/partials/standard-content.ftl"): Found
24 Nov 2021 12:46:02,348 TestNG-tests-2 - "spark/partials/standard-content.ftl"("en_IN", UTF-8, parsed): using cached since jar:file:/C:/Users/Hp/.m2/repository/com/aventstack/extentreports/5.0.8/extentreports-5.0.8.jar!/com/aventstack/extentreports/templates/spark/partials/standard-content.ftl hasn't changed.
24 Nov 2021 12:46:02,350 TestNG-tests-2 - "spark/partials/standard-content.ftl"("en_IN", UTF-8, parsed) cached copy not yet stale; using cached.
24 Nov 2021 12:46:02,352 TestNG-tests-2 - "spark/partials/standard-content.ftl"("en_IN", UTF-8, parsed) cached copy not yet stale; using cached.
24 Nov 2021 12:46:02,353 TestNG-tests-2 - "spark/partials/standard-content.ftl"("en_IN", UTF-8, parsed) cached copy not yet stale; using cached.
24 Nov 2021 12:46:02,353 TestNG-tests-2 - "spark/partials/standard-content.ftl"("en_IN", UTF-8, parsed) cached copy not yet stale; using cached.
24 Nov 2021 12:46:02,354 TestNG-tests-2 - "spark/partials/standard-content.ftl"("en_IN", UTF-8, parsed) cached copy not yet stale; using cached.
24 Nov 2021 12:46:02,355 TestNG-tests-2 - "spark/partials/standard-content.ftl"("en_IN", UTF-8, parsed) cached copy not yet stale; using cached.
24 Nov 2021 12:46:02,356 TestNG-tests-2 - "spark/partials/standard-content.ftl"("en_IN", UTF-8, parsed) cached copy not yet stale; using cached.
24 Nov 2021 12:46:02,357 TestNG-tests-2 - "spark/partials/standard-content.ftl"("en_IN", UTF-8, parsed) cached copy not yet stale; using cached.
24 Nov 2021 12:46:02,358 TestNG-tests-2 - "spark/partials/standard-content.ftl"("en_IN", UTF-8, parsed) cached copy not yet stale; using cached.
24 Nov 2021 12:46:02,358 TestNG-tests-2 - "spark/partials/standard-content.ftl"("en_IN", UTF-8, parsed) cached copy not yet stale; using cached.
24 Nov 2021 12:46:02,359 TestNG-tests-2 - "spark/partials/standard-content.ftl"("en_IN", UTF-8, parsed) cached copy not yet stale; using cached.
24 Nov 2021 12:46:02,360 TestNG-tests-2 - "spark/partials/standard-content.ftl"("en_IN", UTF-8, parsed) cached copy not yet stale; using cached.
24 Nov 2021 12:46:02,360 TestNG-tests-2 - "spark/partials/standard-content.ftl"("en_IN", UTF-8, parsed) cached copy not yet stale; using cached.
24 Nov 2021 12:46:02,361 TestNG-tests-2 - "spark/partials/standard-content.ftl"("en_IN", UTF-8, parsed) cached copy not yet stale; using cached.
24 Nov 2021 12:46:02,362 TestNG-tests-2 - "spark/partials/standard-content.ftl"("en_IN", UTF-8, parsed) cached copy not yet stale; using cached.
24 Nov 2021 12:46:02,362 TestNG-tests-2 - "spark/partials/standard-content.ftl"("en_IN", UTF-8, parsed) cached copy not yet stale; using cached.
24 Nov 2021 12:46:02,363 TestNG-tests-2 - "spark/partials/standard-content.ftl"("en_IN", UTF-8, parsed) cached copy not yet stale; using cached.
24 Nov 2021 12:46:02,364 TestNG-tests-2 - "spark/partials/standard-content.ftl"("en_IN", UTF-8, parsed) cached copy not yet stale; using cached.
24 Nov 2021 12:46:02,367 TestNG-tests-2 - "spark/partials/standard-content.ftl"("en_IN", UTF-8, parsed) cached copy not yet stale; using cached.
24 Nov 2021 12:46:02,369 TestNG-tests-2 - "spark/partials/standard-content.ftl"("en_IN", UTF-8, parsed) cached copy not yet stale; using cached.
24 Nov 2021 12:46:02,370 TestNG-tests-2 - "spark/partials/standard-content.ftl"("en_IN", UTF-8, parsed) cached copy not yet stale; using cached.
24 Nov 2021 12:46:02,376 TestNG-tests-2 - "spark/partials/standard-content.ftl"("en_IN", UTF-8, parsed) cached copy not yet stale; using cached.
24 Nov 2021 12:46:02,377 TestNG-tests-2 - "spark/partials/standard-content.ftl"("en_IN", UTF-8, parsed) cached copy not yet stale; using cached.
24 Nov 2021 12:46:02,378 TestNG-tests-2 - "spark/partials/standard-content.ftl"("en_IN", UTF-8, parsed) cached copy not yet stale; using cached.
24 Nov 2021 12:46:02,379 TestNG-tests-2 - "spark/partials/standard-content.ftl"("en_IN", UTF-8, parsed) cached copy not yet stale; using cached.
24 Nov 2021 12:46:02,380 TestNG-tests-2 - "spark/partials/standard-content.ftl"("en_IN", UTF-8, parsed) cached copy not yet stale; using cached.
24 Nov 2021 12:46:02,381 TestNG-tests-2 - TemplateLoader.findTemplateSource("spark/partials/exception_en_IN.ftl"): Not found
24 Nov 2021 12:46:02,381 TestNG-tests-2 - TemplateLoader.findTemplateSource("spark/partials/exception_en.ftl"): Not found
24 Nov 2021 12:46:02,381 TestNG-tests-2 - TemplateLoader.findTemplateSource("spark/partials/exception.ftl"): Found
24 Nov 2021 12:46:02,382 TestNG-tests-2 - "spark/partials/exception.ftl"("en_IN", UTF-8, parsed): using cached since jar:file:/C:/Users/Hp/.m2/repository/com/aventstack/extentreports/5.0.8/extentreports-5.0.8.jar!/com/aventstack/extentreports/templates/spark/partials/exception.ftl hasn't changed.
24 Nov 2021 12:46:02,384 TestNG-tests-2 - TemplateLoader.findTemplateSource("spark/partials/category_en_IN.ftl"): Not found
24 Nov 2021 12:46:02,384 TestNG-tests-2 - TemplateLoader.findTemplateSource("spark/partials/category_en.ftl"): Not found
24 Nov 2021 12:46:02,385 TestNG-tests-2 - TemplateLoader.findTemplateSource("spark/partials/category.ftl"): Found
24 Nov 2021 12:46:02,385 TestNG-tests-2 - "spark/partials/category.ftl"("en_IN", UTF-8, parsed): using cached since jar:file:/C:/Users/Hp/.m2/repository/com/aventstack/extentreports/5.0.8/extentreports-5.0.8.jar!/com/aventstack/extentreports/templates/spark/partials/category.ftl hasn't changed.
24 Nov 2021 12:46:02,390 TestNG-tests-2 - TemplateLoader.findTemplateSource("spark/partials/device_en_IN.ftl"): Not found
24 Nov 2021 12:46:02,390 TestNG-tests-2 - TemplateLoader.findTemplateSource("spark/partials/device_en.ftl"): Not found
24 Nov 2021 12:46:02,391 TestNG-tests-2 - TemplateLoader.findTemplateSource("spark/partials/device.ftl"): Found
24 Nov 2021 12:46:02,391 TestNG-tests-2 - "spark/partials/device.ftl"("en_IN", UTF-8, parsed): using cached since jar:file:/C:/Users/Hp/.m2/repository/com/aventstack/extentreports/5.0.8/extentreports-5.0.8.jar!/com/aventstack/extentreports/templates/spark/partials/device.ftl hasn't changed.
24 Nov 2021 12:46:02,392 TestNG-tests-2 - TemplateLoader.findTemplateSource("spark/partials/author_en_IN.ftl"): Not found
24 Nov 2021 12:46:02,392 TestNG-tests-2 - TemplateLoader.findTemplateSource("spark/partials/author_en.ftl"): Not found
24 Nov 2021 12:46:02,393 TestNG-tests-2 - TemplateLoader.findTemplateSource("spark/partials/author.ftl"): Found
24 Nov 2021 12:46:02,393 TestNG-tests-2 - "spark/partials/author.ftl"("en_IN", UTF-8, parsed): using cached since jar:file:/C:/Users/Hp/.m2/repository/com/aventstack/extentreports/5.0.8/extentreports-5.0.8.jar!/com/aventstack/extentreports/templates/spark/partials/author.ftl hasn't changed.
24 Nov 2021 12:46:02,393 TestNG-tests-2 - TemplateLoader.findTemplateSource("spark/partials/log_en_IN.ftl"): Not found
24 Nov 2021 12:46:02,394 TestNG-tests-2 - TemplateLoader.findTemplateSource("spark/partials/log_en.ftl"): Not found
24 Nov 2021 12:46:02,394 TestNG-tests-2 - TemplateLoader.findTemplateSource("spark/partials/log.ftl"): Found
24 Nov 2021 12:46:02,394 TestNG-tests-2 - "spark/partials/log.ftl"("en_IN", UTF-8, parsed): using cached since jar:file:/C:/Users/Hp/.m2/repository/com/aventstack/extentreports/5.0.8/extentreports-5.0.8.jar!/com/aventstack/extentreports/templates/spark/partials/log.ftl hasn't changed.
24 Nov 2021 12:46:02,395 TestNG-tests-2 - TemplateLoader.findTemplateSource("spark/partials/dashboard_en_IN.ftl"): Not found
24 Nov 2021 12:46:02,395 TestNG-tests-2 - TemplateLoader.findTemplateSource("spark/partials/dashboard_en.ftl"): Not found
24 Nov 2021 12:46:02,395 TestNG-tests-2 - TemplateLoader.findTemplateSource("spark/partials/dashboard.ftl"): Found
24 Nov 2021 12:46:02,395 TestNG-tests-2 - "spark/partials/dashboard.ftl"("en_IN", UTF-8, parsed): using cached since jar:file:/C:/Users/Hp/.m2/repository/com/aventstack/extentreports/5.0.8/extentreports-5.0.8.jar!/com/aventstack/extentreports/templates/spark/partials/dashboard.ftl hasn't changed.
24 Nov 2021 12:46:02,400 TestNG-tests-2 - TemplateLoader.findTemplateSource("spark/partials/scripts_en_IN.ftl"): Not found
24 Nov 2021 12:46:02,400 TestNG-tests-2 - TemplateLoader.findTemplateSource("spark/partials/scripts_en.ftl"): Not found
24 Nov 2021 12:46:02,401 TestNG-tests-2 - TemplateLoader.findTemplateSource("spark/partials/scripts.ftl"): Found
24 Nov 2021 12:46:02,401 TestNG-tests-2 - "spark/partials/scripts.ftl"("en_IN", UTF-8, parsed): using cached since jar:file:/C:/Users/Hp/.m2/repository/com/aventstack/extentreports/5.0.8/extentreports-5.0.8.jar!/com/aventstack/extentreports/templates/spark/partials/scripts.ftl hasn't changed.
24 Nov 2021 12:46:02,402 TestNG-tests-2 - TemplateLoader.findTemplateSource("commons/commons-inject-js_en_IN.ftl"): Not found
24 Nov 2021 12:46:02,402 TestNG-tests-2 - TemplateLoader.findTemplateSource("commons/commons-inject-js_en.ftl"): Not found
24 Nov 2021 12:46:02,403 TestNG-tests-2 - TemplateLoader.findTemplateSource("commons/commons-inject-js.ftl"): Found
24 Nov 2021 12:46:02,403 TestNG-tests-2 - "commons/commons-inject-js.ftl"("en_IN", UTF-8, parsed): using cached since jar:file:/C:/Users/Hp/.m2/repository/com/aventstack/extentreports/5.0.8/extentreports-5.0.8.jar!/com/aventstack/extentreports/templates/commons/commons-inject-js.ftl hasn't changed.
24 Nov 2021 12:46:17,844 TestNG-tests-4 - TemplateLoader.findTemplateSource("spark/spark.spa_en_IN.ftl"): Not found
24 Nov 2021 12:46:17,844 TestNG-tests-4 - TemplateLoader.findTemplateSource("spark/spark.spa_en.ftl"): Not found
24 Nov 2021 12:46:17,845 TestNG-tests-4 - TemplateLoader.findTemplateSource("spark/spark.spa.ftl"): Found
24 Nov 2021 12:46:17,845 TestNG-tests-4 - "spark/spark.spa.ftl"("en_IN", UTF-8, parsed): using cached since jar:file:/C:/Users/Hp/.m2/repository/com/aventstack/extentreports/5.0.8/extentreports-5.0.8.jar!/com/aventstack/extentreports/templates/spark/spark.spa.ftl hasn't changed.
24 Nov 2021 12:46:17,846 TestNG-tests-4 - TemplateLoader.findTemplateSource("commons/commons-variables_en_IN.ftl"): Not found
24 Nov 2021 12:46:17,846 TestNG-tests-4 - TemplateLoader.findTemplateSource("commons/commons-variables_en.ftl"): Not found
24 Nov 2021 12:46:17,847 TestNG-tests-4 - TemplateLoader.findTemplateSource("commons/commons-variables.ftl"): Found
24 Nov 2021 12:46:17,847 TestNG-tests-4 - "commons/commons-variables.ftl"("en_IN", UTF-8, parsed): using cached since jar:file:/C:/Users/Hp/.m2/repository/com/aventstack/extentreports/5.0.8/extentreports-5.0.8.jar!/com/aventstack/extentreports/templates/commons/commons-variables.ftl hasn't changed.
24 Nov 2021 12:46:17,849 TestNG-tests-4 - TemplateLoader.findTemplateSource("commons/commons-macros_en_IN.ftl"): Not found
24 Nov 2021 12:46:17,849 TestNG-tests-4 - TemplateLoader.findTemplateSource("commons/commons-macros_en.ftl"): Not found
24 Nov 2021 12:46:17,849 TestNG-tests-4 - TemplateLoader.findTemplateSource("commons/commons-macros.ftl"): Found
24 Nov 2021 12:46:17,849 TestNG-tests-4 - "commons/commons-macros.ftl"("en_IN", UTF-8, parsed): using cached since jar:file:/C:/Users/Hp/.m2/repository/com/aventstack/extentreports/5.0.8/extentreports-5.0.8.jar!/com/aventstack/extentreports/templates/commons/commons-macros.ftl hasn't changed.
24 Nov 2021 12:46:17,850 TestNG-tests-4 - TemplateLoader.findTemplateSource("spark/macros/attributes_en_IN.ftl"): Not found
24 Nov 2021 12:46:17,851 TestNG-tests-4 - TemplateLoader.findTemplateSource("spark/macros/attributes_en.ftl"): Not found
24 Nov 2021 12:46:17,851 TestNG-tests-4 - TemplateLoader.findTemplateSource("spark/macros/attributes.ftl"): Found
24 Nov 2021 12:46:17,852 TestNG-tests-4 - "spark/macros/attributes.ftl"("en_IN", UTF-8, parsed): using cached since jar:file:/C:/Users/Hp/.m2/repository/com/aventstack/extentreports/5.0.8/extentreports-5.0.8.jar!/com/aventstack/extentreports/templates/spark/macros/attributes.ftl hasn't changed.
24 Nov 2021 12:46:17,853 TestNG-tests-4 - TemplateLoader.findTemplateSource("spark/macros/log_en_IN.ftl"): Not found
24 Nov 2021 12:46:17,853 TestNG-tests-4 - TemplateLoader.findTemplateSource("spark/macros/log_en.ftl"): Not found
24 Nov 2021 12:46:17,854 TestNG-tests-4 - TemplateLoader.findTemplateSource("spark/macros/log.ftl"): Found
24 Nov 2021 12:46:17,854 TestNG-tests-4 - "spark/macros/log.ftl"("en_IN", UTF-8, parsed): using cached since jar:file:/C:/Users/Hp/.m2/repository/com/aventstack/extentreports/5.0.8/extentreports-5.0.8.jar!/com/aventstack/extentreports/templates/spark/macros/log.ftl hasn't changed.
24 Nov 2021 12:46:17,855 TestNG-tests-4 - TemplateLoader.findTemplateSource("spark/macros/recurse_nodes_en_IN.ftl"): Not found
24 Nov 2021 12:46:17,856 TestNG-tests-4 - TemplateLoader.findTemplateSource("spark/macros/recurse_nodes_en.ftl"): Not found
24 Nov 2021 12:46:17,856 TestNG-tests-4 - TemplateLoader.findTemplateSource("spark/macros/recurse_nodes.ftl"): Found
24 Nov 2021 12:46:17,856 TestNG-tests-4 - "spark/macros/recurse_nodes.ftl"("en_IN", UTF-8, parsed): using cached since jar:file:/C:/Users/Hp/.m2/repository/com/aventstack/extentreports/5.0.8/extentreports-5.0.8.jar!/com/aventstack/extentreports/templates/spark/macros/recurse_nodes.ftl hasn't changed.
24 Nov 2021 12:46:17,856 TestNG-tests-4 - "spark/macros/log.ftl"("en_IN", UTF-8, parsed) cached copy not yet stale; using cached.
24 Nov 2021 12:46:17,857 TestNG-tests-4 - TemplateLoader.findTemplateSource("spark/macros/attr-common_en_IN.ftl"): Not found
24 Nov 2021 12:46:17,857 TestNG-tests-4 - TemplateLoader.findTemplateSource("spark/macros/attr-common_en.ftl"): Not found
24 Nov 2021 12:46:17,857 TestNG-tests-4 - TemplateLoader.findTemplateSource("spark/macros/attr-common.ftl"): Found
24 Nov 2021 12:46:17,857 TestNG-tests-4 - "spark/macros/attr-common.ftl"("en_IN", UTF-8, parsed): using cached since jar:file:/C:/Users/Hp/.m2/repository/com/aventstack/extentreports/5.0.8/extentreports-5.0.8.jar!/com/aventstack/extentreports/templates/spark/macros/attr-common.ftl hasn't changed.
24 Nov 2021 12:46:17,858 TestNG-tests-4 - TemplateLoader.findTemplateSource("spark/partials/head_en_IN.ftl"): Not found
24 Nov 2021 12:46:17,859 TestNG-tests-4 - TemplateLoader.findTemplateSource("spark/partials/head_en.ftl"): Not found
24 Nov 2021 12:46:17,859 TestNG-tests-4 - TemplateLoader.findTemplateSource("spark/partials/head.ftl"): Found
24 Nov 2021 12:46:17,860 TestNG-tests-4 - "spark/partials/head.ftl"("en_IN", UTF-8, parsed): using cached since jar:file:/C:/Users/Hp/.m2/repository/com/aventstack/extentreports/5.0.8/extentreports-5.0.8.jar!/com/aventstack/extentreports/templates/spark/partials/head.ftl hasn't changed.
24 Nov 2021 12:46:17,861 TestNG-tests-4 - TemplateLoader.findTemplateSource("commons/commons-inject-css_en_IN.ftl"): Not found
24 Nov 2021 12:46:17,861 TestNG-tests-4 - TemplateLoader.findTemplateSource("commons/commons-inject-css_en.ftl"): Not found
24 Nov 2021 12:46:17,862 TestNG-tests-4 - TemplateLoader.findTemplateSource("commons/commons-inject-css.ftl"): Found
24 Nov 2021 12:46:17,862 TestNG-tests-4 - "commons/commons-inject-css.ftl"("en_IN", UTF-8, parsed): using cached since jar:file:/C:/Users/Hp/.m2/repository/com/aventstack/extentreports/5.0.8/extentreports-5.0.8.jar!/com/aventstack/extentreports/templates/commons/commons-inject-css.ftl hasn't changed.
24 Nov 2021 12:46:17,863 TestNG-tests-4 - TemplateLoader.findTemplateSource("spark/partials/navbar_en_IN.ftl"): Not found
24 Nov 2021 12:46:17,863 TestNG-tests-4 - TemplateLoader.findTemplateSource("spark/partials/navbar_en.ftl"): Not found
24 Nov 2021 12:46:17,863 TestNG-tests-4 - TemplateLoader.findTemplateSource("spark/partials/navbar.ftl"): Found
24 Nov 2021 12:46:17,863 TestNG-tests-4 - "spark/partials/navbar.ftl"("en_IN", UTF-8, parsed): using cached since jar:file:/C:/Users/Hp/.m2/repository/com/aventstack/extentreports/5.0.8/extentreports-5.0.8.jar!/com/aventstack/extentreports/templates/spark/partials/navbar.ftl hasn't changed.
24 Nov 2021 12:46:17,864 TestNG-tests-4 - TemplateLoader.findTemplateSource("spark/partials/sidenav_en_IN.ftl"): Not found
24 Nov 2021 12:46:17,864 TestNG-tests-4 - TemplateLoader.findTemplateSource("spark/partials/sidenav_en.ftl"): Not found
24 Nov 2021 12:46:17,865 TestNG-tests-4 - TemplateLoader.findTemplateSource("spark/partials/sidenav.ftl"): Found
24 Nov 2021 12:46:17,865 TestNG-tests-4 - "spark/partials/sidenav.ftl"("en_IN", UTF-8, parsed): using cached since jar:file:/C:/Users/Hp/.m2/repository/com/aventstack/extentreports/5.0.8/extentreports-5.0.8.jar!/com/aventstack/extentreports/templates/spark/partials/sidenav.ftl hasn't changed.
24 Nov 2021 12:46:17,868 TestNG-tests-4 - TemplateLoader.findTemplateSource("spark/partials/test_en_IN.ftl"): Not found
24 Nov 2021 12:46:17,868 TestNG-tests-4 - TemplateLoader.findTemplateSource("spark/partials/test_en.ftl"): Not found
24 Nov 2021 12:46:17,868 TestNG-tests-4 - TemplateLoader.findTemplateSource("spark/partials/test.ftl"): Found
24 Nov 2021 12:46:17,869 TestNG-tests-4 - "spark/partials/test.ftl"("en_IN", UTF-8, parsed): using cached since jar:file:/C:/Users/Hp/.m2/repository/com/aventstack/extentreports/5.0.8/extentreports-5.0.8.jar!/com/aventstack/extentreports/templates/spark/partials/test.ftl hasn't changed.
24 Nov 2021 12:46:17,872 TestNG-tests-4 - TemplateLoader.findTemplateSource("spark/partials/standard-content_en_IN.ftl"): Not found
24 Nov 2021 12:46:17,872 TestNG-tests-4 - TemplateLoader.findTemplateSource("spark/partials/standard-content_en.ftl"): Not found
24 Nov 2021 12:46:17,873 TestNG-tests-4 - TemplateLoader.findTemplateSource("spark/partials/standard-content.ftl"): Found
24 Nov 2021 12:46:17,873 TestNG-tests-4 - "spark/partials/standard-content.ftl"("en_IN", UTF-8, parsed): using cached since jar:file:/C:/Users/Hp/.m2/repository/com/aventstack/extentreports/5.0.8/extentreports-5.0.8.jar!/com/aventstack/extentreports/templates/spark/partials/standard-content.ftl hasn't changed.
24 Nov 2021 12:46:17,875 TestNG-tests-4 - "spark/partials/standard-content.ftl"("en_IN", UTF-8, parsed) cached copy not yet stale; using cached.
24 Nov 2021 12:46:17,875 TestNG-tests-4 - "spark/partials/standard-content.ftl"("en_IN", UTF-8, parsed) cached copy not yet stale; using cached.
24 Nov 2021 12:46:17,876 TestNG-tests-4 - "spark/partials/standard-content.ftl"("en_IN", UTF-8, parsed) cached copy not yet stale; using cached.
24 Nov 2021 12:46:17,877 TestNG-tests-4 - "spark/partials/standard-content.ftl"("en_IN", UTF-8, parsed) cached copy not yet stale; using cached.
24 Nov 2021 12:46:17,877 TestNG-tests-4 - "spark/partials/standard-content.ftl"("en_IN", UTF-8, parsed) cached copy not yet stale; using cached.
24 Nov 2021 12:46:17,878 TestNG-tests-4 - "spark/partials/standard-content.ftl"("en_IN", UTF-8, parsed) cached copy not yet stale; using cached.
24 Nov 2021 12:46:17,879 TestNG-tests-4 - "spark/partials/standard-content.ftl"("en_IN", UTF-8, parsed) cached copy not yet stale; using cached.
24 Nov 2021 12:46:17,879 TestNG-tests-4 - "spark/partials/standard-content.ftl"("en_IN", UTF-8, parsed) cached copy not yet stale; using cached.
24 Nov 2021 12:46:17,880 TestNG-tests-4 - "spark/partials/standard-content.ftl"("en_IN", UTF-8, parsed) cached copy not yet stale; using cached.
24 Nov 2021 12:46:17,882 TestNG-tests-4 - "spark/partials/standard-content.ftl"("en_IN", UTF-8, parsed) cached copy not yet stale; using cached.
24 Nov 2021 12:46:17,884 TestNG-tests-4 - "spark/partials/standard-content.ftl"("en_IN", UTF-8, parsed) cached copy not yet stale; using cached.
24 Nov 2021 12:46:17,885 TestNG-tests-4 - "spark/partials/standard-content.ftl"("en_IN", UTF-8, parsed) cached copy not yet stale; using cached.
24 Nov 2021 12:46:17,886 TestNG-tests-4 - "spark/partials/standard-content.ftl"("en_IN", UTF-8, parsed) cached copy not yet stale; using cached.
24 Nov 2021 12:46:17,887 TestNG-tests-4 - "spark/partials/standard-content.ftl"("en_IN", UTF-8, parsed) cached copy not yet stale; using cached.
24 Nov 2021 12:46:17,888 TestNG-tests-4 - "spark/partials/standard-content.ftl"("en_IN", UTF-8, parsed) cached copy not yet stale; using cached.
24 Nov 2021 12:46:17,889 TestNG-tests-4 - "spark/partials/standard-content.ftl"("en_IN", UTF-8, parsed) cached copy not yet stale; using cached.
24 Nov 2021 12:46:17,890 TestNG-tests-4 - "spark/partials/standard-content.ftl"("en_IN", UTF-8, parsed) cached copy not yet stale; using cached.
24 Nov 2021 12:46:17,893 TestNG-tests-4 - "spark/partials/standard-content.ftl"("en_IN", UTF-8, parsed) cached copy not yet stale; using cached.
24 Nov 2021 12:46:17,895 TestNG-tests-4 - "spark/partials/standard-content.ftl"("en_IN", UTF-8, parsed) cached copy not yet stale; using cached.
24 Nov 2021 12:46:17,900 TestNG-tests-4 - "spark/partials/standard-content.ftl"("en_IN", UTF-8, parsed) cached copy not yet stale; using cached.
24 Nov 2021 12:46:17,902 TestNG-tests-4 - "spark/partials/standard-content.ftl"("en_IN", UTF-8, parsed) cached copy not yet stale; using cached.
24 Nov 2021 12:46:17,907 TestNG-tests-4 - "spark/partials/standard-content.ftl"("en_IN", UTF-8, parsed) cached copy not yet stale; using cached.
24 Nov 2021 12:46:17,909 TestNG-tests-4 - "spark/partials/standard-content.ftl"("en_IN", UTF-8, parsed) cached copy not yet stale; using cached.
24 Nov 2021 12:46:17,909 TestNG-tests-4 - "spark/partials/standard-content.ftl"("en_IN", UTF-8, parsed) cached copy not yet stale; using cached.
24 Nov 2021 12:46:17,910 TestNG-tests-4 - "spark/partials/standard-content.ftl"("en_IN", UTF-8, parsed) cached copy not yet stale; using cached.
24 Nov 2021 12:46:17,910 TestNG-tests-4 - "spark/partials/standard-content.ftl"("en_IN", UTF-8, parsed) cached copy not yet stale; using cached.
24 Nov 2021 12:46:17,911 TestNG-tests-4 - "spark/partials/standard-content.ftl"("en_IN", UTF-8, parsed) cached copy not yet stale; using cached.
24 Nov 2021 12:46:17,912 TestNG-tests-4 - "spark/partials/standard-content.ftl"("en_IN", UTF-8, parsed) cached copy not yet stale; using cached.
24 Nov 2021 12:46:17,912 TestNG-tests-4 - "spark/partials/standard-content.ftl"("en_IN", UTF-8, parsed) cached copy not yet stale; using cached.
24 Nov 2021 12:46:17,913 TestNG-tests-4 - "spark/partials/standard-content.ftl"("en_IN", UTF-8, parsed) cached copy not yet stale; using cached.
24 Nov 2021 12:46:17,913 TestNG-tests-4 - TemplateLoader.findTemplateSource("spark/partials/exception_en_IN.ftl"): Not found
24 Nov 2021 12:46:17,913 TestNG-tests-4 - TemplateLoader.findTemplateSource("spark/partials/exception_en.ftl"): Not found
24 Nov 2021 12:46:17,914 TestNG-tests-4 - TemplateLoader.findTemplateSource("spark/partials/exception.ftl"): Found
24 Nov 2021 12:46:17,914 TestNG-tests-4 - "spark/partials/exception.ftl"("en_IN", UTF-8, parsed): using cached since jar:file:/C:/Users/Hp/.m2/repository/com/aventstack/extentreports/5.0.8/extentreports-5.0.8.jar!/com/aventstack/extentreports/templates/spark/partials/exception.ftl hasn't changed.
24 Nov 2021 12:46:17,915 TestNG-tests-4 - TemplateLoader.findTemplateSource("spark/partials/category_en_IN.ftl"): Not found
24 Nov 2021 12:46:17,916 TestNG-tests-4 - TemplateLoader.findTemplateSource("spark/partials/category_en.ftl"): Not found
24 Nov 2021 12:46:17,916 TestNG-tests-4 - TemplateLoader.findTemplateSource("spark/partials/category.ftl"): Found
24 Nov 2021 12:46:17,916 TestNG-tests-4 - "spark/partials/category.ftl"("en_IN", UTF-8, parsed): using cached since jar:file:/C:/Users/Hp/.m2/repository/com/aventstack/extentreports/5.0.8/extentreports-5.0.8.jar!/com/aventstack/extentreports/templates/spark/partials/category.ftl hasn't changed.
24 Nov 2021 12:46:17,923 TestNG-tests-4 - TemplateLoader.findTemplateSource("spark/partials/device_en_IN.ftl"): Not found
24 Nov 2021 12:46:17,923 TestNG-tests-4 - TemplateLoader.findTemplateSource("spark/partials/device_en.ftl"): Not found
24 Nov 2021 12:46:17,924 TestNG-tests-4 - TemplateLoader.findTemplateSource("spark/partials/device.ftl"): Found
24 Nov 2021 12:46:17,924 TestNG-tests-4 - "spark/partials/device.ftl"("en_IN", UTF-8, parsed): using cached since jar:file:/C:/Users/Hp/.m2/repository/com/aventstack/extentreports/5.0.8/extentreports-5.0.8.jar!/com/aventstack/extentreports/templates/spark/partials/device.ftl hasn't changed.
24 Nov 2021 12:46:17,924 TestNG-tests-4 - TemplateLoader.findTemplateSource("spark/partials/author_en_IN.ftl"): Not found
24 Nov 2021 12:46:17,925 TestNG-tests-4 - TemplateLoader.findTemplateSource("spark/partials/author_en.ftl"): Not found
24 Nov 2021 12:46:17,925 TestNG-tests-4 - TemplateLoader.findTemplateSource("spark/partials/author.ftl"): Found
24 Nov 2021 12:46:17,925 TestNG-tests-4 - "spark/partials/author.ftl"("en_IN", UTF-8, parsed): using cached since jar:file:/C:/Users/Hp/.m2/repository/com/aventstack/extentreports/5.0.8/extentreports-5.0.8.jar!/com/aventstack/extentreports/templates/spark/partials/author.ftl hasn't changed.
24 Nov 2021 12:46:17,926 TestNG-tests-4 - TemplateLoader.findTemplateSource("spark/partials/log_en_IN.ftl"): Not found
24 Nov 2021 12:46:17,926 TestNG-tests-4 - TemplateLoader.findTemplateSource("spark/partials/log_en.ftl"): Not found
24 Nov 2021 12:46:17,926 TestNG-tests-4 - TemplateLoader.findTemplateSource("spark/partials/log.ftl"): Found
24 Nov 2021 12:46:17,927 TestNG-tests-4 - "spark/partials/log.ftl"("en_IN", UTF-8, parsed): using cached since jar:file:/C:/Users/Hp/.m2/repository/com/aventstack/extentreports/5.0.8/extentreports-5.0.8.jar!/com/aventstack/extentreports/templates/spark/partials/log.ftl hasn't changed.
24 Nov 2021 12:46:17,927 TestNG-tests-4 - TemplateLoader.findTemplateSource("spark/partials/dashboard_en_IN.ftl"): Not found
24 Nov 2021 12:46:17,927 TestNG-tests-4 - TemplateLoader.findTemplateSource("spark/partials/dashboard_en.ftl"): Not found
24 Nov 2021 12:46:17,928 TestNG-tests-4 - TemplateLoader.findTemplateSource("spark/partials/dashboard.ftl"): Found
24 Nov 2021 12:46:17,928 TestNG-tests-4 - "spark/partials/dashboard.ftl"("en_IN", UTF-8, parsed): using cached since jar:file:/C:/Users/Hp/.m2/repository/com/aventstack/extentreports/5.0.8/extentreports-5.0.8.jar!/com/aventstack/extentreports/templates/spark/partials/dashboard.ftl hasn't changed.
24 Nov 2021 12:46:17,933 TestNG-tests-4 - TemplateLoader.findTemplateSource("spark/partials/scripts_en_IN.ftl"): Not found
24 Nov 2021 12:46:17,934 TestNG-tests-4 - TemplateLoader.findTemplateSource("spark/partials/scripts_en.ftl"): Not found
24 Nov 2021 12:46:17,934 TestNG-tests-4 - TemplateLoader.findTemplateSource("spark/partials/scripts.ftl"): Found
24 Nov 2021 12:46:17,935 TestNG-tests-4 - "spark/partials/scripts.ftl"("en_IN", UTF-8, parsed): using cached since jar:file:/C:/Users/Hp/.m2/repository/com/aventstack/extentreports/5.0.8/extentreports-5.0.8.jar!/com/aventstack/extentreports/templates/spark/partials/scripts.ftl hasn't changed.
24 Nov 2021 12:46:17,935 TestNG-tests-4 - TemplateLoader.findTemplateSource("commons/commons-inject-js_en_IN.ftl"): Not found
24 Nov 2021 12:46:17,936 TestNG-tests-4 - TemplateLoader.findTemplateSource("commons/commons-inject-js_en.ftl"): Not found
24 Nov 2021 12:46:17,936 TestNG-tests-4 - TemplateLoader.findTemplateSource("commons/commons-inject-js.ftl"): Found
24 Nov 2021 12:46:17,936 TestNG-tests-4 - "commons/commons-inject-js.ftl"("en_IN", UTF-8, parsed): using cached since jar:file:/C:/Users/Hp/.m2/repository/com/aventstack/extentreports/5.0.8/extentreports-5.0.8.jar!/com/aventstack/extentreports/templates/commons/commons-inject-js.ftl hasn't changed.
24 Nov 2021 12:46:32,526 TestNG-tests-3 - TemplateLoader.findTemplateSource("spark/spark.spa_en_IN.ftl"): Not found
24 Nov 2021 12:46:32,527 TestNG-tests-3 - TemplateLoader.findTemplateSource("spark/spark.spa_en.ftl"): Not found
24 Nov 2021 12:46:32,528 TestNG-tests-3 - TemplateLoader.findTemplateSource("spark/spark.spa.ftl"): Found
24 Nov 2021 12:46:32,528 TestNG-tests-3 - "spark/spark.spa.ftl"("en_IN", UTF-8, parsed): using cached since jar:file:/C:/Users/Hp/.m2/repository/com/aventstack/extentreports/5.0.8/extentreports-5.0.8.jar!/com/aventstack/extentreports/templates/spark/spark.spa.ftl hasn't changed.
24 Nov 2021 12:46:32,529 TestNG-tests-3 - TemplateLoader.findTemplateSource("commons/commons-variables_en_IN.ftl"): Not found
24 Nov 2021 12:46:32,529 TestNG-tests-3 - TemplateLoader.findTemplateSource("commons/commons-variables_en.ftl"): Not found
24 Nov 2021 12:46:32,530 TestNG-tests-3 - TemplateLoader.findTemplateSource("commons/commons-variables.ftl"): Found
24 Nov 2021 12:46:32,530 TestNG-tests-3 - "commons/commons-variables.ftl"("en_IN", UTF-8, parsed): using cached since jar:file:/C:/Users/Hp/.m2/repository/com/aventstack/extentreports/5.0.8/extentreports-5.0.8.jar!/com/aventstack/extentreports/templates/commons/commons-variables.ftl hasn't changed.
24 Nov 2021 12:46:32,532 TestNG-tests-3 - TemplateLoader.findTemplateSource("commons/commons-macros_en_IN.ftl"): Not found
24 Nov 2021 12:46:32,533 TestNG-tests-3 - TemplateLoader.findTemplateSource("commons/commons-macros_en.ftl"): Not found
24 Nov 2021 12:46:32,533 TestNG-tests-3 - TemplateLoader.findTemplateSource("commons/commons-macros.ftl"): Found
24 Nov 2021 12:46:32,533 TestNG-tests-3 - "commons/commons-macros.ftl"("en_IN", UTF-8, parsed): using cached since jar:file:/C:/Users/Hp/.m2/repository/com/aventstack/extentreports/5.0.8/extentreports-5.0.8.jar!/com/aventstack/extentreports/templates/commons/commons-macros.ftl hasn't changed.
24 Nov 2021 12:46:32,535 TestNG-tests-3 - TemplateLoader.findTemplateSource("spark/macros/attributes_en_IN.ftl"): Not found
24 Nov 2021 12:46:32,535 TestNG-tests-3 - TemplateLoader.findTemplateSource("spark/macros/attributes_en.ftl"): Not found
24 Nov 2021 12:46:32,536 TestNG-tests-3 - TemplateLoader.findTemplateSource("spark/macros/attributes.ftl"): Found
24 Nov 2021 12:46:32,537 TestNG-tests-3 - "spark/macros/attributes.ftl"("en_IN", UTF-8, parsed): using cached since jar:file:/C:/Users/Hp/.m2/repository/com/aventstack/extentreports/5.0.8/extentreports-5.0.8.jar!/com/aventstack/extentreports/templates/spark/macros/attributes.ftl hasn't changed.
24 Nov 2021 12:46:32,538 TestNG-tests-3 - TemplateLoader.findTemplateSource("spark/macros/log_en_IN.ftl"): Not found
24 Nov 2021 12:46:32,538 TestNG-tests-3 - TemplateLoader.findTemplateSource("spark/macros/log_en.ftl"): Not found
24 Nov 2021 12:46:32,538 TestNG-tests-3 - TemplateLoader.findTemplateSource("spark/macros/log.ftl"): Found
24 Nov 2021 12:46:32,538 TestNG-tests-3 - "spark/macros/log.ftl"("en_IN", UTF-8, parsed): using cached since jar:file:/C:/Users/Hp/.m2/repository/com/aventstack/extentreports/5.0.8/extentreports-5.0.8.jar!/com/aventstack/extentreports/templates/spark/macros/log.ftl hasn't changed.
24 Nov 2021 12:46:32,540 TestNG-tests-3 - TemplateLoader.findTemplateSource("spark/macros/recurse_nodes_en_IN.ftl"): Not found
24 Nov 2021 12:46:32,540 TestNG-tests-3 - TemplateLoader.findTemplateSource("spark/macros/recurse_nodes_en.ftl"): Not found
24 Nov 2021 12:46:32,541 TestNG-tests-3 - TemplateLoader.findTemplateSource("spark/macros/recurse_nodes.ftl"): Found
24 Nov 2021 12:46:32,541 TestNG-tests-3 - "spark/macros/recurse_nodes.ftl"("en_IN", UTF-8, parsed): using cached since jar:file:/C:/Users/Hp/.m2/repository/com/aventstack/extentreports/5.0.8/extentreports-5.0.8.jar!/com/aventstack/extentreports/templates/spark/macros/recurse_nodes.ftl hasn't changed.
24 Nov 2021 12:46:32,542 TestNG-tests-3 - "spark/macros/log.ftl"("en_IN", UTF-8, parsed) cached copy not yet stale; using cached.
24 Nov 2021 12:46:32,542 TestNG-tests-3 - TemplateLoader.findTemplateSource("spark/macros/attr-common_en_IN.ftl"): Not found
24 Nov 2021 12:46:32,542 TestNG-tests-3 - TemplateLoader.findTemplateSource("spark/macros/attr-common_en.ftl"): Not found
24 Nov 2021 12:46:32,542 TestNG-tests-3 - TemplateLoader.findTemplateSource("spark/macros/attr-common.ftl"): Found
24 Nov 2021 12:46:32,544 TestNG-tests-3 - "spark/macros/attr-common.ftl"("en_IN", UTF-8, parsed): using cached since jar:file:/C:/Users/Hp/.m2/repository/com/aventstack/extentreports/5.0.8/extentreports-5.0.8.jar!/com/aventstack/extentreports/templates/spark/macros/attr-common.ftl hasn't changed.
24 Nov 2021 12:46:32,548 TestNG-tests-3 - TemplateLoader.findTemplateSource("spark/partials/head_en_IN.ftl"): Not found
24 Nov 2021 12:46:32,548 TestNG-tests-3 - TemplateLoader.findTemplateSource("spark/partials/head_en.ftl"): Not found
24 Nov 2021 12:46:32,549 TestNG-tests-3 - TemplateLoader.findTemplateSource("spark/partials/head.ftl"): Found
24 Nov 2021 12:46:32,549 TestNG-tests-3 - "spark/partials/head.ftl"("en_IN", UTF-8, parsed): using cached since jar:file:/C:/Users/Hp/.m2/repository/com/aventstack/extentreports/5.0.8/extentreports-5.0.8.jar!/com/aventstack/extentreports/templates/spark/partials/head.ftl hasn't changed.
24 Nov 2021 12:46:32,550 TestNG-tests-3 - TemplateLoader.findTemplateSource("commons/commons-inject-css_en_IN.ftl"): Not found
24 Nov 2021 12:46:32,550 TestNG-tests-3 - TemplateLoader.findTemplateSource("commons/commons-inject-css_en.ftl"): Not found
24 Nov 2021 12:46:32,551 TestNG-tests-3 - TemplateLoader.findTemplateSource("commons/commons-inject-css.ftl"): Found
24 Nov 2021 12:46:32,552 TestNG-tests-3 - "commons/commons-inject-css.ftl"("en_IN", UTF-8, parsed): using cached since jar:file:/C:/Users/Hp/.m2/repository/com/aventstack/extentreports/5.0.8/extentreports-5.0.8.jar!/com/aventstack/extentreports/templates/commons/commons-inject-css.ftl hasn't changed.
24 Nov 2021 12:46:32,553 TestNG-tests-3 - TemplateLoader.findTemplateSource("spark/partials/navbar_en_IN.ftl"): Not found
24 Nov 2021 12:46:32,553 TestNG-tests-3 - TemplateLoader.findTemplateSource("spark/partials/navbar_en.ftl"): Not found
24 Nov 2021 12:46:32,554 TestNG-tests-3 - TemplateLoader.findTemplateSource("spark/partials/navbar.ftl"): Found
24 Nov 2021 12:46:32,554 TestNG-tests-3 - "spark/partials/navbar.ftl"("en_IN", UTF-8, parsed): using cached since jar:file:/C:/Users/Hp/.m2/repository/com/aventstack/extentreports/5.0.8/extentreports-5.0.8.jar!/com/aventstack/extentreports/templates/spark/partials/navbar.ftl hasn't changed.
24 Nov 2021 12:46:32,556 TestNG-tests-3 - TemplateLoader.findTemplateSource("spark/partials/sidenav_en_IN.ftl"): Not found
24 Nov 2021 12:46:32,556 TestNG-tests-3 - TemplateLoader.findTemplateSource("spark/partials/sidenav_en.ftl"): Not found
24 Nov 2021 12:46:32,556 TestNG-tests-3 - TemplateLoader.findTemplateSource("spark/partials/sidenav.ftl"): Found
24 Nov 2021 12:46:32,556 TestNG-tests-3 - "spark/partials/sidenav.ftl"("en_IN", UTF-8, parsed): using cached since jar:file:/C:/Users/Hp/.m2/repository/com/aventstack/extentreports/5.0.8/extentreports-5.0.8.jar!/com/aventstack/extentreports/templates/spark/partials/sidenav.ftl hasn't changed.
24 Nov 2021 12:46:32,558 TestNG-tests-3 - TemplateLoader.findTemplateSource("spark/partials/test_en_IN.ftl"): Not found
24 Nov 2021 12:46:32,558 TestNG-tests-3 - TemplateLoader.findTemplateSource("spark/partials/test_en.ftl"): Not found
24 Nov 2021 12:46:32,558 TestNG-tests-3 - TemplateLoader.findTemplateSource("spark/partials/test.ftl"): Found
24 Nov 2021 12:46:32,559 TestNG-tests-3 - "spark/partials/test.ftl"("en_IN", UTF-8, parsed): using cached since jar:file:/C:/Users/Hp/.m2/repository/com/aventstack/extentreports/5.0.8/extentreports-5.0.8.jar!/com/aventstack/extentreports/templates/spark/partials/test.ftl hasn't changed.
24 Nov 2021 12:46:32,560 TestNG-tests-3 - TemplateLoader.findTemplateSource("spark/partials/standard-content_en_IN.ftl"): Not found
24 Nov 2021 12:46:32,560 TestNG-tests-3 - TemplateLoader.findTemplateSource("spark/partials/standard-content_en.ftl"): Not found
24 Nov 2021 12:46:32,561 TestNG-tests-3 - TemplateLoader.findTemplateSource("spark/partials/standard-content.ftl"): Found
24 Nov 2021 12:46:32,561 TestNG-tests-3 - "spark/partials/standard-content.ftl"("en_IN", UTF-8, parsed): using cached since jar:file:/C:/Users/Hp/.m2/repository/com/aventstack/extentreports/5.0.8/extentreports-5.0.8.jar!/com/aventstack/extentreports/templates/spark/partials/standard-content.ftl hasn't changed.
24 Nov 2021 12:46:32,562 TestNG-tests-3 - "spark/partials/standard-content.ftl"("en_IN", UTF-8, parsed) cached copy not yet stale; using cached.
24 Nov 2021 12:46:32,563 TestNG-tests-3 - "spark/partials/standard-content.ftl"("en_IN", UTF-8, parsed) cached copy not yet stale; using cached.
24 Nov 2021 12:46:32,563 TestNG-tests-3 - "spark/partials/standard-content.ftl"("en_IN", UTF-8, parsed) cached copy not yet stale; using cached.
24 Nov 2021 12:46:32,564 TestNG-tests-3 - "spark/partials/standard-content.ftl"("en_IN", UTF-8, parsed) cached copy not yet stale; using cached.
24 Nov 2021 12:46:32,565 TestNG-tests-3 - "spark/partials/standard-content.ftl"("en_IN", UTF-8, parsed) cached copy not yet stale; using cached.
24 Nov 2021 12:46:32,565 TestNG-tests-3 - "spark/partials/standard-content.ftl"("en_IN", UTF-8, parsed) cached copy not yet stale; using cached.
24 Nov 2021 12:46:32,566 TestNG-tests-3 - "spark/partials/standard-content.ftl"("en_IN", UTF-8, parsed) cached copy not yet stale; using cached.
24 Nov 2021 12:46:32,566 TestNG-tests-3 - "spark/partials/standard-content.ftl"("en_IN", UTF-8, parsed) cached copy not yet stale; using cached.
24 Nov 2021 12:46:32,567 TestNG-tests-3 - "spark/partials/standard-content.ftl"("en_IN", UTF-8, parsed) cached copy not yet stale; using cached.
24 Nov 2021 12:46:32,567 TestNG-tests-3 - "spark/partials/standard-content.ftl"("en_IN", UTF-8, parsed) cached copy not yet stale; using cached.
24 Nov 2021 12:46:32,568 TestNG-tests-3 - "spark/partials/standard-content.ftl"("en_IN", UTF-8, parsed) cached copy not yet stale; using cached.
24 Nov 2021 12:46:32,570 TestNG-tests-3 - "spark/partials/standard-content.ftl"("en_IN", UTF-8, parsed) cached copy not yet stale; using cached.
24 Nov 2021 12:46:32,570 TestNG-tests-3 - "spark/partials/standard-content.ftl"("en_IN", UTF-8, parsed) cached copy not yet stale; using cached.
24 Nov 2021 12:46:32,570 TestNG-tests-3 - "spark/partials/standard-content.ftl"("en_IN", UTF-8, parsed) cached copy not yet stale; using cached.
24 Nov 2021 12:46:32,571 TestNG-tests-3 - "spark/partials/standard-content.ftl"("en_IN", UTF-8, parsed) cached copy not yet stale; using cached.
24 Nov 2021 12:46:32,572 TestNG-tests-3 - "spark/partials/standard-content.ftl"("en_IN", UTF-8, parsed) cached copy not yet stale; using cached.
24 Nov 2021 12:46:32,573 TestNG-tests-3 - "spark/partials/standard-content.ftl"("en_IN", UTF-8, parsed) cached copy not yet stale; using cached.
24 Nov 2021 12:46:32,573 TestNG-tests-3 - "spark/partials/standard-content.ftl"("en_IN", UTF-8, parsed) cached copy not yet stale; using cached.
24 Nov 2021 12:46:32,574 TestNG-tests-3 - "spark/partials/standard-content.ftl"("en_IN", UTF-8, parsed) cached copy not yet stale; using cached.
24 Nov 2021 12:46:32,574 TestNG-tests-3 - "spark/partials/standard-content.ftl"("en_IN", UTF-8, parsed) cached copy not yet stale; using cached.
24 Nov 2021 12:46:32,575 TestNG-tests-3 - "spark/partials/standard-content.ftl"("en_IN", UTF-8, parsed) cached copy not yet stale; using cached.
24 Nov 2021 12:46:32,575 TestNG-tests-3 - "spark/partials/standard-content.ftl"("en_IN", UTF-8, parsed) cached copy not yet stale; using cached.
24 Nov 2021 12:46:32,576 TestNG-tests-3 - "spark/partials/standard-content.ftl"("en_IN", UTF-8, parsed) cached copy not yet stale; using cached.
24 Nov 2021 12:46:32,577 TestNG-tests-3 - "spark/partials/standard-content.ftl"("en_IN", UTF-8, parsed) cached copy not yet stale; using cached.
24 Nov 2021 12:46:32,577 TestNG-tests-3 - "spark/partials/standard-content.ftl"("en_IN", UTF-8, parsed) cached copy not yet stale; using cached.
24 Nov 2021 12:46:32,577 TestNG-tests-3 - "spark/partials/standard-content.ftl"("en_IN", UTF-8, parsed) cached copy not yet stale; using cached.
24 Nov 2021 12:46:32,581 TestNG-tests-3 - "spark/partials/standard-content.ftl"("en_IN", UTF-8, parsed) cached copy not yet stale; using cached.
24 Nov 2021 12:46:32,583 TestNG-tests-3 - "spark/partials/standard-content.ftl"("en_IN", UTF-8, parsed) cached copy not yet stale; using cached.
24 Nov 2021 12:46:32,586 TestNG-tests-3 - "spark/partials/standard-content.ftl"("en_IN", UTF-8, parsed) cached copy not yet stale; using cached.
24 Nov 2021 12:46:32,587 TestNG-tests-3 - "spark/partials/standard-content.ftl"("en_IN", UTF-8, parsed) cached copy not yet stale; using cached.
24 Nov 2021 12:46:32,588 TestNG-tests-3 - "spark/partials/standard-content.ftl"("en_IN", UTF-8, parsed) cached copy not yet stale; using cached.
24 Nov 2021 12:46:32,589 TestNG-tests-3 - "spark/partials/standard-content.ftl"("en_IN", UTF-8, parsed) cached copy not yet stale; using cached.
24 Nov 2021 12:46:32,592 TestNG-tests-3 - TemplateLoader.findTemplateSource("spark/partials/exception_en_IN.ftl"): Not found
24 Nov 2021 12:46:32,593 TestNG-tests-3 - TemplateLoader.findTemplateSource("spark/partials/exception_en.ftl"): Not found
24 Nov 2021 12:46:32,593 TestNG-tests-3 - TemplateLoader.findTemplateSource("spark/partials/exception.ftl"): Found
24 Nov 2021 12:46:32,593 TestNG-tests-3 - "spark/partials/exception.ftl"("en_IN", UTF-8, parsed): using cached since jar:file:/C:/Users/Hp/.m2/repository/com/aventstack/extentreports/5.0.8/extentreports-5.0.8.jar!/com/aventstack/extentreports/templates/spark/partials/exception.ftl hasn't changed.
24 Nov 2021 12:46:32,594 TestNG-tests-3 - TemplateLoader.findTemplateSource("spark/partials/category_en_IN.ftl"): Not found
24 Nov 2021 12:46:32,595 TestNG-tests-3 - TemplateLoader.findTemplateSource("spark/partials/category_en.ftl"): Not found
24 Nov 2021 12:46:32,595 TestNG-tests-3 - TemplateLoader.findTemplateSource("spark/partials/category.ftl"): Found
24 Nov 2021 12:46:32,595 TestNG-tests-3 - "spark/partials/category.ftl"("en_IN", UTF-8, parsed): using cached since jar:file:/C:/Users/Hp/.m2/repository/com/aventstack/extentreports/5.0.8/extentreports-5.0.8.jar!/com/aventstack/extentreports/templates/spark/partials/category.ftl hasn't changed.
24 Nov 2021 12:46:32,601 TestNG-tests-3 - TemplateLoader.findTemplateSource("spark/partials/device_en_IN.ftl"): Not found
24 Nov 2021 12:46:32,601 TestNG-tests-3 - TemplateLoader.findTemplateSource("spark/partials/device_en.ftl"): Not found
24 Nov 2021 12:46:32,602 TestNG-tests-3 - TemplateLoader.findTemplateSource("spark/partials/device.ftl"): Found
24 Nov 2021 12:46:32,602 TestNG-tests-3 - "spark/partials/device.ftl"("en_IN", UTF-8, parsed): using cached since jar:file:/C:/Users/Hp/.m2/repository/com/aventstack/extentreports/5.0.8/extentreports-5.0.8.jar!/com/aventstack/extentreports/templates/spark/partials/device.ftl hasn't changed.
24 Nov 2021 12:46:32,602 TestNG-tests-3 - TemplateLoader.findTemplateSource("spark/partials/author_en_IN.ftl"): Not found
24 Nov 2021 12:46:32,603 TestNG-tests-3 - TemplateLoader.findTemplateSource("spark/partials/author_en.ftl"): Not found
24 Nov 2021 12:46:32,603 TestNG-tests-3 - TemplateLoader.findTemplateSource("spark/partials/author.ftl"): Found
24 Nov 2021 12:46:32,603 TestNG-tests-3 - "spark/partials/author.ftl"("en_IN", UTF-8, parsed): using cached since jar:file:/C:/Users/Hp/.m2/repository/com/aventstack/extentreports/5.0.8/extentreports-5.0.8.jar!/com/aventstack/extentreports/templates/spark/partials/author.ftl hasn't changed.
24 Nov 2021 12:46:32,604 TestNG-tests-3 - TemplateLoader.findTemplateSource("spark/partials/log_en_IN.ftl"): Not found
24 Nov 2021 12:46:32,604 TestNG-tests-3 - TemplateLoader.findTemplateSource("spark/partials/log_en.ftl"): Not found
24 Nov 2021 12:46:32,604 TestNG-tests-3 - TemplateLoader.findTemplateSource("spark/partials/log.ftl"): Found
24 Nov 2021 12:46:32,604 TestNG-tests-3 - "spark/partials/log.ftl"("en_IN", UTF-8, parsed): using cached since jar:file:/C:/Users/Hp/.m2/repository/com/aventstack/extentreports/5.0.8/extentreports-5.0.8.jar!/com/aventstack/extentreports/templates/spark/partials/log.ftl hasn't changed.
24 Nov 2021 12:46:32,605 TestNG-tests-3 - TemplateLoader.findTemplateSource("spark/partials/dashboard_en_IN.ftl"): Not found
24 Nov 2021 12:46:32,605 TestNG-tests-3 - TemplateLoader.findTemplateSource("spark/partials/dashboard_en.ftl"): Not found
24 Nov 2021 12:46:32,605 TestNG-tests-3 - TemplateLoader.findTemplateSource("spark/partials/dashboard.ftl"): Found
24 Nov 2021 12:46:32,605 TestNG-tests-3 - "spark/partials/dashboard.ftl"("en_IN", UTF-8, parsed): using cached since jar:file:/C:/Users/Hp/.m2/repository/com/aventstack/extentreports/5.0.8/extentreports-5.0.8.jar!/com/aventstack/extentreports/templates/spark/partials/dashboard.ftl hasn't changed.
24 Nov 2021 12:46:32,610 TestNG-tests-3 - TemplateLoader.findTemplateSource("spark/partials/scripts_en_IN.ftl"): Not found
24 Nov 2021 12:46:32,610 TestNG-tests-3 - TemplateLoader.findTemplateSource("spark/partials/scripts_en.ftl"): Not found
24 Nov 2021 12:46:32,611 TestNG-tests-3 - TemplateLoader.findTemplateSource("spark/partials/scripts.ftl"): Found
24 Nov 2021 12:46:32,611 TestNG-tests-3 - "spark/partials/scripts.ftl"("en_IN", UTF-8, parsed): using cached since jar:file:/C:/Users/Hp/.m2/repository/com/aventstack/extentreports/5.0.8/extentreports-5.0.8.jar!/com/aventstack/extentreports/templates/spark/partials/scripts.ftl hasn't changed.
24 Nov 2021 12:46:32,611 TestNG-tests-3 - TemplateLoader.findTemplateSource("commons/commons-inject-js_en_IN.ftl"): Not found
24 Nov 2021 12:46:32,612 TestNG-tests-3 - TemplateLoader.findTemplateSource("commons/commons-inject-js_en.ftl"): Not found
24 Nov 2021 12:46:32,612 TestNG-tests-3 - TemplateLoader.findTemplateSource("commons/commons-inject-js.ftl"): Found
24 Nov 2021 12:46:32,612 TestNG-tests-3 - "commons/commons-inject-js.ftl"("en_IN", UTF-8, parsed): using cached since jar:file:/C:/Users/Hp/.m2/repository/com/aventstack/extentreports/5.0.8/extentreports-5.0.8.jar!/com/aventstack/extentreports/templates/commons/commons-inject-js.ftl hasn't changed.
24 Nov 2021 12:47:38,227 TestNG-tests-1 - TemplateLoader.findTemplateSource("spark/spark.spa_en_IN.ftl"): Not found
24 Nov 2021 12:47:38,227 TestNG-tests-1 - TemplateLoader.findTemplateSource("spark/spark.spa_en.ftl"): Not found
24 Nov 2021 12:47:38,227 TestNG-tests-1 - TemplateLoader.findTemplateSource("spark/spark.spa.ftl"): Found
24 Nov 2021 12:47:38,227 TestNG-tests-1 - "spark/spark.spa.ftl"("en_IN", UTF-8, parsed): using cached since jar:file:/C:/Users/Hp/.m2/repository/com/aventstack/extentreports/5.0.8/extentreports-5.0.8.jar!/com/aventstack/extentreports/templates/spark/spark.spa.ftl hasn't changed.
24 Nov 2021 12:47:38,228 TestNG-tests-1 - TemplateLoader.findTemplateSource("commons/commons-variables_en_IN.ftl"): Not found
24 Nov 2021 12:47:38,228 TestNG-tests-1 - TemplateLoader.findTemplateSource("commons/commons-variables_en.ftl"): Not found
24 Nov 2021 12:47:38,228 TestNG-tests-1 - TemplateLoader.findTemplateSource("commons/commons-variables.ftl"): Found
24 Nov 2021 12:47:38,228 TestNG-tests-1 - "commons/commons-variables.ftl"("en_IN", UTF-8, parsed): using cached since jar:file:/C:/Users/Hp/.m2/repository/com/aventstack/extentreports/5.0.8/extentreports-5.0.8.jar!/com/aventstack/extentreports/templates/commons/commons-variables.ftl hasn't changed.
24 Nov 2021 12:47:38,229 TestNG-tests-1 - TemplateLoader.findTemplateSource("commons/commons-macros_en_IN.ftl"): Not found
24 Nov 2021 12:47:38,229 TestNG-tests-1 - TemplateLoader.findTemplateSource("commons/commons-macros_en.ftl"): Not found
24 Nov 2021 12:47:38,229 TestNG-tests-1 - TemplateLoader.findTemplateSource("commons/commons-macros.ftl"): Found
24 Nov 2021 12:47:38,230 TestNG-tests-1 - "commons/commons-macros.ftl"("en_IN", UTF-8, parsed): using cached since jar:file:/C:/Users/Hp/.m2/repository/com/aventstack/extentreports/5.0.8/extentreports-5.0.8.jar!/com/aventstack/extentreports/templates/commons/commons-macros.ftl hasn't changed.
24 Nov 2021 12:47:38,231 TestNG-tests-1 - TemplateLoader.findTemplateSource("spark/macros/attributes_en_IN.ftl"): Not found
24 Nov 2021 12:47:38,231 TestNG-tests-1 - TemplateLoader.findTemplateSource("spark/macros/attributes_en.ftl"): Not found
24 Nov 2021 12:47:38,231 TestNG-tests-1 - TemplateLoader.findTemplateSource("spark/macros/attributes.ftl"): Found
24 Nov 2021 12:47:38,231 TestNG-tests-1 - "spark/macros/attributes.ftl"("en_IN", UTF-8, parsed): using cached since jar:file:/C:/Users/Hp/.m2/repository/com/aventstack/extentreports/5.0.8/extentreports-5.0.8.jar!/com/aventstack/extentreports/templates/spark/macros/attributes.ftl hasn't changed.
24 Nov 2021 12:47:38,232 TestNG-tests-1 - TemplateLoader.findTemplateSource("spark/macros/log_en_IN.ftl"): Not found
24 Nov 2021 12:47:38,232 TestNG-tests-1 - TemplateLoader.findTemplateSource("spark/macros/log_en.ftl"): Not found
24 Nov 2021 12:47:38,232 TestNG-tests-1 - TemplateLoader.findTemplateSource("spark/macros/log.ftl"): Found
24 Nov 2021 12:47:38,233 TestNG-tests-1 - "spark/macros/log.ftl"("en_IN", UTF-8, parsed): using cached since jar:file:/C:/Users/Hp/.m2/repository/com/aventstack/extentreports/5.0.8/extentreports-5.0.8.jar!/com/aventstack/extentreports/templates/spark/macros/log.ftl hasn't changed.
24 Nov 2021 12:47:38,233 TestNG-tests-1 - TemplateLoader.findTemplateSource("spark/macros/recurse_nodes_en_IN.ftl"): Not found
24 Nov 2021 12:47:38,233 TestNG-tests-1 - TemplateLoader.findTemplateSource("spark/macros/recurse_nodes_en.ftl"): Not found
24 Nov 2021 12:47:38,234 TestNG-tests-1 - TemplateLoader.findTemplateSource("spark/macros/recurse_nodes.ftl"): Found
24 Nov 2021 12:47:38,234 TestNG-tests-1 - "spark/macros/recurse_nodes.ftl"("en_IN", UTF-8, parsed): using cached since jar:file:/C:/Users/Hp/.m2/repository/com/aventstack/extentreports/5.0.8/extentreports-5.0.8.jar!/com/aventstack/extentreports/templates/spark/macros/recurse_nodes.ftl hasn't changed.
24 Nov 2021 12:47:38,234 TestNG-tests-1 - "spark/macros/log.ftl"("en_IN", UTF-8, parsed) cached copy not yet stale; using cached.
24 Nov 2021 12:47:38,234 TestNG-tests-1 - TemplateLoader.findTemplateSource("spark/macros/attr-common_en_IN.ftl"): Not found
24 Nov 2021 12:47:38,234 TestNG-tests-1 - TemplateLoader.findTemplateSource("spark/macros/attr-common_en.ftl"): Not found
24 Nov 2021 12:47:38,235 TestNG-tests-1 - TemplateLoader.findTemplateSource("spark/macros/attr-common.ftl"): Found
24 Nov 2021 12:47:38,235 TestNG-tests-1 - "spark/macros/attr-common.ftl"("en_IN", UTF-8, parsed): using cached since jar:file:/C:/Users/Hp/.m2/repository/com/aventstack/extentreports/5.0.8/extentreports-5.0.8.jar!/com/aventstack/extentreports/templates/spark/macros/attr-common.ftl hasn't changed.
24 Nov 2021 12:47:38,235 TestNG-tests-1 - TemplateLoader.findTemplateSource("spark/partials/head_en_IN.ftl"): Not found
24 Nov 2021 12:47:38,236 TestNG-tests-1 - TemplateLoader.findTemplateSource("spark/partials/head_en.ftl"): Not found
24 Nov 2021 12:47:38,236 TestNG-tests-1 - TemplateLoader.findTemplateSource("spark/partials/head.ftl"): Found
24 Nov 2021 12:47:38,236 TestNG-tests-1 - "spark/partials/head.ftl"("en_IN", UTF-8, parsed): using cached since jar:file:/C:/Users/Hp/.m2/repository/com/aventstack/extentreports/5.0.8/extentreports-5.0.8.jar!/com/aventstack/extentreports/templates/spark/partials/head.ftl hasn't changed.
24 Nov 2021 12:47:38,237 TestNG-tests-1 - TemplateLoader.findTemplateSource("commons/commons-inject-css_en_IN.ftl"): Not found
24 Nov 2021 12:47:38,237 TestNG-tests-1 - TemplateLoader.findTemplateSource("commons/commons-inject-css_en.ftl"): Not found
24 Nov 2021 12:47:38,237 TestNG-tests-1 - TemplateLoader.findTemplateSource("commons/commons-inject-css.ftl"): Found
24 Nov 2021 12:47:38,237 TestNG-tests-1 - "commons/commons-inject-css.ftl"("en_IN", UTF-8, parsed): using cached since jar:file:/C:/Users/Hp/.m2/repository/com/aventstack/extentreports/5.0.8/extentreports-5.0.8.jar!/com/aventstack/extentreports/templates/commons/commons-inject-css.ftl hasn't changed.
24 Nov 2021 12:47:38,238 TestNG-tests-1 - TemplateLoader.findTemplateSource("spark/partials/navbar_en_IN.ftl"): Not found
24 Nov 2021 12:47:38,238 TestNG-tests-1 - TemplateLoader.findTemplateSource("spark/partials/navbar_en.ftl"): Not found
24 Nov 2021 12:47:38,238 TestNG-tests-1 - TemplateLoader.findTemplateSource("spark/partials/navbar.ftl"): Found
24 Nov 2021 12:47:38,239 TestNG-tests-1 - "spark/partials/navbar.ftl"("en_IN", UTF-8, parsed): using cached since jar:file:/C:/Users/Hp/.m2/repository/com/aventstack/extentreports/5.0.8/extentreports-5.0.8.jar!/com/aventstack/extentreports/templates/spark/partials/navbar.ftl hasn't changed.
24 Nov 2021 12:47:38,239 TestNG-tests-1 - TemplateLoader.findTemplateSource("spark/partials/sidenav_en_IN.ftl"): Not found
24 Nov 2021 12:47:38,240 TestNG-tests-1 - TemplateLoader.findTemplateSource("spark/partials/sidenav_en.ftl"): Not found
24 Nov 2021 12:47:38,240 TestNG-tests-1 - TemplateLoader.findTemplateSource("spark/partials/sidenav.ftl"): Found
24 Nov 2021 12:47:38,240 TestNG-tests-1 - "spark/partials/sidenav.ftl"("en_IN", UTF-8, parsed): using cached since jar:file:/C:/Users/Hp/.m2/repository/com/aventstack/extentreports/5.0.8/extentreports-5.0.8.jar!/com/aventstack/extentreports/templates/spark/partials/sidenav.ftl hasn't changed.
24 Nov 2021 12:47:38,242 TestNG-tests-1 - TemplateLoader.findTemplateSource("spark/partials/test_en_IN.ftl"): Not found
24 Nov 2021 12:47:38,242 TestNG-tests-1 - TemplateLoader.findTemplateSource("spark/partials/test_en.ftl"): Not found
24 Nov 2021 12:47:38,243 TestNG-tests-1 - TemplateLoader.findTemplateSource("spark/partials/test.ftl"): Found
24 Nov 2021 12:47:38,243 TestNG-tests-1 - "spark/partials/test.ftl"("en_IN", UTF-8, parsed): using cached since jar:file:/C:/Users/Hp/.m2/repository/com/aventstack/extentreports/5.0.8/extentreports-5.0.8.jar!/com/aventstack/extentreports/templates/spark/partials/test.ftl hasn't changed.
24 Nov 2021 12:47:38,246 TestNG-tests-1 - TemplateLoader.findTemplateSource("spark/partials/standard-content_en_IN.ftl"): Not found
24 Nov 2021 12:47:38,246 TestNG-tests-1 - TemplateLoader.findTemplateSource("spark/partials/standard-content_en.ftl"): Not found
24 Nov 2021 12:47:38,248 TestNG-tests-1 - TemplateLoader.findTemplateSource("spark/partials/standard-content.ftl"): Found
24 Nov 2021 12:47:38,248 TestNG-tests-1 - "spark/partials/standard-content.ftl"("en_IN", UTF-8, parsed): using cached since jar:file:/C:/Users/Hp/.m2/repository/com/aventstack/extentreports/5.0.8/extentreports-5.0.8.jar!/com/aventstack/extentreports/templates/spark/partials/standard-content.ftl hasn't changed.
24 Nov 2021 12:47:38,250 TestNG-tests-1 - "spark/partials/standard-content.ftl"("en_IN", UTF-8, parsed) cached copy not yet stale; using cached.
24 Nov 2021 12:47:38,251 TestNG-tests-1 - "spark/partials/standard-content.ftl"("en_IN", UTF-8, parsed) cached copy not yet stale; using cached.
24 Nov 2021 12:47:38,251 TestNG-tests-1 - "spark/partials/standard-content.ftl"("en_IN", UTF-8, parsed) cached copy not yet stale; using cached.
24 Nov 2021 12:47:38,252 TestNG-tests-1 - "spark/partials/standard-content.ftl"("en_IN", UTF-8, parsed) cached copy not yet stale; using cached.
24 Nov 2021 12:47:38,253 TestNG-tests-1 - "spark/partials/standard-content.ftl"("en_IN", UTF-8, parsed) cached copy not yet stale; using cached.
24 Nov 2021 12:47:38,253 TestNG-tests-1 - "spark/partials/standard-content.ftl"("en_IN", UTF-8, parsed) cached copy not yet stale; using cached.
24 Nov 2021 12:47:38,253 TestNG-tests-1 - "spark/partials/standard-content.ftl"("en_IN", UTF-8, parsed) cached copy not yet stale; using cached.
24 Nov 2021 12:47:38,254 TestNG-tests-1 - "spark/partials/standard-content.ftl"("en_IN", UTF-8, parsed) cached copy not yet stale; using cached.
24 Nov 2021 12:47:38,254 TestNG-tests-1 - "spark/partials/standard-content.ftl"("en_IN", UTF-8, parsed) cached copy not yet stale; using cached.
24 Nov 2021 12:47:38,255 TestNG-tests-1 - "spark/partials/standard-content.ftl"("en_IN", UTF-8, parsed) cached copy not yet stale; using cached.
24 Nov 2021 12:47:38,255 TestNG-tests-1 - "spark/partials/standard-content.ftl"("en_IN", UTF-8, parsed) cached copy not yet stale; using cached.
24 Nov 2021 12:47:38,256 TestNG-tests-1 - "spark/partials/standard-content.ftl"("en_IN", UTF-8, parsed) cached copy not yet stale; using cached.
24 Nov 2021 12:47:38,257 TestNG-tests-1 - "spark/partials/standard-content.ftl"("en_IN", UTF-8, parsed) cached copy not yet stale; using cached.
24 Nov 2021 12:47:38,257 TestNG-tests-1 - "spark/partials/standard-content.ftl"("en_IN", UTF-8, parsed) cached copy not yet stale; using cached.
24 Nov 2021 12:47:38,257 TestNG-tests-1 - "spark/partials/standard-content.ftl"("en_IN", UTF-8, parsed) cached copy not yet stale; using cached.
24 Nov 2021 12:47:38,258 TestNG-tests-1 - "spark/partials/standard-content.ftl"("en_IN", UTF-8, parsed) cached copy not yet stale; using cached.
24 Nov 2021 12:47:38,258 TestNG-tests-1 - "spark/partials/standard-content.ftl"("en_IN", UTF-8, parsed) cached copy not yet stale; using cached.
24 Nov 2021 12:47:38,259 TestNG-tests-1 - "spark/partials/standard-content.ftl"("en_IN", UTF-8, parsed) cached copy not yet stale; using cached.
24 Nov 2021 12:47:38,259 TestNG-tests-1 - "spark/partials/standard-content.ftl"("en_IN", UTF-8, parsed) cached copy not yet stale; using cached.
24 Nov 2021 12:47:38,260 TestNG-tests-1 - "spark/partials/standard-content.ftl"("en_IN", UTF-8, parsed) cached copy not yet stale; using cached.
24 Nov 2021 12:47:38,260 TestNG-tests-1 - "spark/partials/standard-content.ftl"("en_IN", UTF-8, parsed) cached copy not yet stale; using cached.
24 Nov 2021 12:47:38,260 TestNG-tests-1 - "spark/partials/standard-content.ftl"("en_IN", UTF-8, parsed) cached copy not yet stale; using cached.
24 Nov 2021 12:47:38,262 TestNG-tests-1 - "spark/partials/standard-content.ftl"("en_IN", UTF-8, parsed) cached copy not yet stale; using cached.
24 Nov 2021 12:47:38,263 TestNG-tests-1 - "spark/partials/standard-content.ftl"("en_IN", UTF-8, parsed) cached copy not yet stale; using cached.
24 Nov 2021 12:47:38,263 TestNG-tests-1 - "spark/partials/standard-content.ftl"("en_IN", UTF-8, parsed) cached copy not yet stale; using cached.
24 Nov 2021 12:47:38,263 TestNG-tests-1 - "spark/partials/standard-content.ftl"("en_IN", UTF-8, parsed) cached copy not yet stale; using cached.
24 Nov 2021 12:47:38,264 TestNG-tests-1 - "spark/partials/standard-content.ftl"("en_IN", UTF-8, parsed) cached copy not yet stale; using cached.
24 Nov 2021 12:47:38,264 TestNG-tests-1 - "spark/partials/standard-content.ftl"("en_IN", UTF-8, parsed) cached copy not yet stale; using cached.
24 Nov 2021 12:47:38,265 TestNG-tests-1 - "spark/partials/standard-content.ftl"("en_IN", UTF-8, parsed) cached copy not yet stale; using cached.
24 Nov 2021 12:47:38,265 TestNG-tests-1 - "spark/partials/standard-content.ftl"("en_IN", UTF-8, parsed) cached copy not yet stale; using cached.
24 Nov 2021 12:47:38,266 TestNG-tests-1 - "spark/partials/standard-content.ftl"("en_IN", UTF-8, parsed) cached copy not yet stale; using cached.
24 Nov 2021 12:47:38,267 TestNG-tests-1 - "spark/partials/standard-content.ftl"("en_IN", UTF-8, parsed) cached copy not yet stale; using cached.
24 Nov 2021 12:47:38,269 TestNG-tests-1 - "spark/partials/standard-content.ftl"("en_IN", UTF-8, parsed) cached copy not yet stale; using cached.
24 Nov 2021 12:47:38,269 TestNG-tests-1 - "spark/partials/standard-content.ftl"("en_IN", UTF-8, parsed) cached copy not yet stale; using cached.
24 Nov 2021 12:47:38,270 TestNG-tests-1 - "spark/partials/standard-content.ftl"("en_IN", UTF-8, parsed) cached copy not yet stale; using cached.
24 Nov 2021 12:47:38,271 TestNG-tests-1 - "spark/partials/standard-content.ftl"("en_IN", UTF-8, parsed) cached copy not yet stale; using cached.
24 Nov 2021 12:47:38,272 TestNG-tests-1 - "spark/partials/standard-content.ftl"("en_IN", UTF-8, parsed) cached copy not yet stale; using cached.
24 Nov 2021 12:47:38,272 TestNG-tests-1 - "spark/partials/standard-content.ftl"("en_IN", UTF-8, parsed) cached copy not yet stale; using cached.
24 Nov 2021 12:47:38,272 TestNG-tests-1 - "spark/partials/standard-content.ftl"("en_IN", UTF-8, parsed) cached copy not yet stale; using cached.
24 Nov 2021 12:47:38,273 TestNG-tests-1 - "spark/partials/standard-content.ftl"("en_IN", UTF-8, parsed) cached copy not yet stale; using cached.
24 Nov 2021 12:47:38,273 TestNG-tests-1 - TemplateLoader.findTemplateSource("spark/partials/exception_en_IN.ftl"): Not found
24 Nov 2021 12:47:38,274 TestNG-tests-1 - TemplateLoader.findTemplateSource("spark/partials/exception_en.ftl"): Not found
24 Nov 2021 12:47:38,274 TestNG-tests-1 - TemplateLoader.findTemplateSource("spark/partials/exception.ftl"): Found
24 Nov 2021 12:47:38,274 TestNG-tests-1 - "spark/partials/exception.ftl"("en_IN", UTF-8, parsed): using cached since jar:file:/C:/Users/Hp/.m2/repository/com/aventstack/extentreports/5.0.8/extentreports-5.0.8.jar!/com/aventstack/extentreports/templates/spark/partials/exception.ftl hasn't changed.
24 Nov 2021 12:47:38,275 TestNG-tests-1 - TemplateLoader.findTemplateSource("spark/partials/category_en_IN.ftl"): Not found
24 Nov 2021 12:47:38,275 TestNG-tests-1 - TemplateLoader.findTemplateSource("spark/partials/category_en.ftl"): Not found
24 Nov 2021 12:47:38,276 TestNG-tests-1 - TemplateLoader.findTemplateSource("spark/partials/category.ftl"): Found
24 Nov 2021 12:47:38,276 TestNG-tests-1 - "spark/partials/category.ftl"("en_IN", UTF-8, parsed): using cached since jar:file:/C:/Users/Hp/.m2/repository/com/aventstack/extentreports/5.0.8/extentreports-5.0.8.jar!/com/aventstack/extentreports/templates/spark/partials/category.ftl hasn't changed.
24 Nov 2021 12:47:38,288 TestNG-tests-1 - TemplateLoader.findTemplateSource("spark/partials/device_en_IN.ftl"): Not found
24 Nov 2021 12:47:38,288 TestNG-tests-1 - TemplateLoader.findTemplateSource("spark/partials/device_en.ftl"): Not found
24 Nov 2021 12:47:38,288 TestNG-tests-1 - TemplateLoader.findTemplateSource("spark/partials/device.ftl"): Found
24 Nov 2021 12:47:38,288 TestNG-tests-1 - "spark/partials/device.ftl"("en_IN", UTF-8, parsed): using cached since jar:file:/C:/Users/Hp/.m2/repository/com/aventstack/extentreports/5.0.8/extentreports-5.0.8.jar!/com/aventstack/extentreports/templates/spark/partials/device.ftl hasn't changed.
24 Nov 2021 12:47:38,289 TestNG-tests-1 - TemplateLoader.findTemplateSource("spark/partials/author_en_IN.ftl"): Not found
24 Nov 2021 12:47:38,289 TestNG-tests-1 - TemplateLoader.findTemplateSource("spark/partials/author_en.ftl"): Not found
24 Nov 2021 12:47:38,289 TestNG-tests-1 - TemplateLoader.findTemplateSource("spark/partials/author.ftl"): Found
24 Nov 2021 12:47:38,289 TestNG-tests-1 - "spark/partials/author.ftl"("en_IN", UTF-8, parsed): using cached since jar:file:/C:/Users/Hp/.m2/repository/com/aventstack/extentreports/5.0.8/extentreports-5.0.8.jar!/com/aventstack/extentreports/templates/spark/partials/author.ftl hasn't changed.
24 Nov 2021 12:47:38,290 TestNG-tests-1 - TemplateLoader.findTemplateSource("spark/partials/log_en_IN.ftl"): Not found
24 Nov 2021 12:47:38,290 TestNG-tests-1 - TemplateLoader.findTemplateSource("spark/partials/log_en.ftl"): Not found
24 Nov 2021 12:47:38,290 TestNG-tests-1 - TemplateLoader.findTemplateSource("spark/partials/log.ftl"): Found
24 Nov 2021 12:47:38,290 TestNG-tests-1 - "spark/partials/log.ftl"("en_IN", UTF-8, parsed): using cached since jar:file:/C:/Users/Hp/.m2/repository/com/aventstack/extentreports/5.0.8/extentreports-5.0.8.jar!/com/aventstack/extentreports/templates/spark/partials/log.ftl hasn't changed.
24 Nov 2021 12:47:38,291 TestNG-tests-1 - TemplateLoader.findTemplateSource("spark/partials/dashboard_en_IN.ftl"): Not found
24 Nov 2021 12:47:38,292 TestNG-tests-1 - TemplateLoader.findTemplateSource("spark/partials/dashboard_en.ftl"): Not found
24 Nov 2021 12:47:38,292 TestNG-tests-1 - TemplateLoader.findTemplateSource("spark/partials/dashboard.ftl"): Found
24 Nov 2021 12:47:38,292 TestNG-tests-1 - "spark/partials/dashboard.ftl"("en_IN", UTF-8, parsed): using cached since jar:file:/C:/Users/Hp/.m2/repository/com/aventstack/extentreports/5.0.8/extentreports-5.0.8.jar!/com/aventstack/extentreports/templates/spark/partials/dashboard.ftl hasn't changed.
24 Nov 2021 12:47:38,298 TestNG-tests-1 - TemplateLoader.findTemplateSource("spark/partials/scripts_en_IN.ftl"): Not found
24 Nov 2021 12:47:38,298 TestNG-tests-1 - TemplateLoader.findTemplateSource("spark/partials/scripts_en.ftl"): Not found
24 Nov 2021 12:47:38,299 TestNG-tests-1 - TemplateLoader.findTemplateSource("spark/partials/scripts.ftl"): Found
24 Nov 2021 12:47:38,300 TestNG-tests-1 - "spark/partials/scripts.ftl"("en_IN", UTF-8, parsed): using cached since jar:file:/C:/Users/Hp/.m2/repository/com/aventstack/extentreports/5.0.8/extentreports-5.0.8.jar!/com/aventstack/extentreports/templates/spark/partials/scripts.ftl hasn't changed.
24 Nov 2021 12:47:38,301 TestNG-tests-1 - TemplateLoader.findTemplateSource("commons/commons-inject-js_en_IN.ftl"): Not found
24 Nov 2021 12:47:38,301 TestNG-tests-1 - TemplateLoader.findTemplateSource("commons/commons-inject-js_en.ftl"): Not found
24 Nov 2021 12:47:38,302 TestNG-tests-1 - TemplateLoader.findTemplateSource("commons/commons-inject-js.ftl"): Found
24 Nov 2021 12:47:38,302 TestNG-tests-1 - "commons/commons-inject-js.ftl"("en_IN", UTF-8, parsed): using cached since jar:file:/C:/Users/Hp/.m2/repository/com/aventstack/extentreports/5.0.8/extentreports-5.0.8.jar!/com/aventstack/extentreports/templates/commons/commons-inject-js.ftl hasn't changed.
